20:35:23.469 [background-preinit] INFO  o.h.validator.internal.util.Version - HV000001: Hibernate Validator 5.4.1.Final
20:35:23.469 [main] INFO  com.toys.acb.UserApplication - Starting UserApplication using Java 15.0.2 on DESKTOP-2D7JFDC with PID 7084 (F:\Program\java_work\ACB\acb_user\target\classes started by CKD in F:\Program\java_work\ACB)
20:35:23.469 [main] INFO  com.toys.acb.UserApplication - No active profile set, falling back to default profiles: default
20:35:24.485 [main] INFO  o.s.d.r.c.RepositoryConfigurationDelegate - Multiple Spring Data modules found, entering strict repository configuration mode!
20:35:24.500 [main] INFO  o.s.d.r.c.RepositoryConfigurationDelegate - Bootstrapping Spring Data Redis repositories in DEFAULT mode.
20:35:24.516 [main] INFO  o.s.d.r.c.RepositoryConfigurationDelegate - Finished Spring Data repository scanning in 12 ms. Found 0 Redis repository interfaces.
20:35:24.844 [main] INFO  o.s.c.s.PostProcessorRegistrationDelegate$BeanPostProcessorChecker - Bean 'org.springframework.security.access.expression.method.DefaultMethodSecurityExpressionHandler@2c26ba07' of type [org.springframework.security.access.expression.method.DefaultMethodSecurityExpressionHandler] is not eligible for getting processed by all BeanPostProcessors (for example: not eligible for auto-proxying)
20:35:24.844 [main] INFO  o.s.c.s.PostProcessorRegistrationDelegate$BeanPostProcessorChecker - Bean 'methodSecurityMetadataSource' of type [org.springframework.security.access.method.DelegatingMethodSecurityMetadataSource] is not eligible for getting processed by all BeanPostProcessors (for example: not eligible for auto-proxying)
20:35:25.078 [main] INFO  o.s.b.w.e.tomcat.TomcatWebServer - Tomcat initialized with port(s): 12358 (http)
20:35:25.078 [main] INFO  o.a.coyote.http11.Http11NioProtocol - Initializing ProtocolHandler ["http-nio-12358"]
20:35:25.078 [main] INFO  o.a.catalina.core.StandardService - Starting service [Tomcat]
20:35:25.078 [main] INFO  o.a.catalina.core.StandardEngine - Starting Servlet engine: [Apache Tomcat/9.0.46]
20:35:25.188 [main] INFO  o.a.c.c.C.[Tomcat].[localhost].[/] - Initializing Spring embedded WebApplicationContext
20:35:25.188 [main] INFO  o.s.b.w.s.c.ServletWebServerApplicationContext - Root WebApplicationContext: initialization completed in 1664 ms
20:35:25.500 [main] WARN  o.s.b.w.s.c.AnnotationConfigServletWebServerApplicationContext - Exception encountered during context initialization - cancelling refresh attempt: org.springframework.beans.factory.UnsatisfiedDependencyException: Error creating bean with name 'webSecurityConfig': Unsatisfied dependency expressed through field 'sessionAuthenticationStrategy'; nested exception is org.springframework.beans.factory.BeanCreationException: Error creating bean with name 'sessionAuthenticationStrategy' defined in class path resource [com/toys/acb/config/WebSecurityConfig.class]: Bean instantiation via factory method failed; nested exception is org.springframework.beans.BeanInstantiationException: Failed to instantiate [org.springframework.security.web.authentication.session.SessionAuthenticationStrategy]: Circular reference involving containing bean 'webSecurityConfig' - consider declaring the factory method as static for independence from its containing instance. Factory method 'sessionAuthenticationStrategy' threw exception; nested exception is java.lang.NullPointerException: Cannot invoke "org.springframework.security.context.DelegatingApplicationListener.addListener(org.springframework.context.event.SmartApplicationListener)" because "this.delegatingApplicationListener" is null
20:35:25.516 [main] INFO  o.a.catalina.core.StandardService - Stopping service [Tomcat]
20:35:25.516 [main] INFO  o.s.b.a.l.ConditionEvaluationReportLoggingListener - 

Error starting ApplicationContext. To display the conditions report re-run your application with 'debug' enabled.
20:35:25.531 [main] ERROR o.s.boot.SpringApplication - Application run failed
org.springframework.beans.factory.UnsatisfiedDependencyException: Error creating bean with name 'webSecurityConfig': Unsatisfied dependency expressed through field 'sessionAuthenticationStrategy'; nested exception is org.springframework.beans.factory.BeanCreationException: Error creating bean with name 'sessionAuthenticationStrategy' defined in class path resource [com/toys/acb/config/WebSecurityConfig.class]: Bean instantiation via factory method failed; nested exception is org.springframework.beans.BeanInstantiationException: Failed to instantiate [org.springframework.security.web.authentication.session.SessionAuthenticationStrategy]: Circular reference involving containing bean 'webSecurityConfig' - consider declaring the factory method as static for independence from its containing instance. Factory method 'sessionAuthenticationStrategy' threw exception; nested exception is java.lang.NullPointerException: Cannot invoke "org.springframework.security.context.DelegatingApplicationListener.addListener(org.springframework.context.event.SmartApplicationListener)" because "this.delegatingApplicationListener" is null
	at org.springframework.beans.factory.annotation.AutowiredAnnotationBeanPostProcessor$AutowiredFieldElement.resolveFieldValue(AutowiredAnnotationBeanPostProcessor.java:660)
	at org.springframework.beans.factory.annotation.AutowiredAnnotationBeanPostProcessor$AutowiredFieldElement.inject(AutowiredAnnotationBeanPostProcessor.java:640)
	at org.springframework.beans.factory.annotation.InjectionMetadata.inject(InjectionMetadata.java:119)
	at org.springframework.beans.factory.annotation.AutowiredAnnotationBeanPostProcessor.postProcessProperties(AutowiredAnnotationBeanPostProcessor.java:399)
	at org.springframework.beans.factory.support.AbstractAutowireCapableBeanFactory.populateBean(AbstractAutowireCapableBeanFactory.java:1413)
	at org.springframework.beans.factory.support.AbstractAutowireCapableBeanFactory.doCreateBean(AbstractAutowireCapableBeanFactory.java:601)
	at org.springframework.beans.factory.support.AbstractAutowireCapableBeanFactory.createBean(AbstractAutowireCapableBeanFactory.java:524)
	at org.springframework.beans.factory.support.AbstractBeanFactory.lambda$doGetBean$0(AbstractBeanFactory.java:335)
	at org.springframework.beans.factory.support.DefaultSingletonBeanRegistry.getSingleton(DefaultSingletonBeanRegistry.java:234)
	at org.springframework.beans.factory.support.AbstractBeanFactory.doGetBean(AbstractBeanFactory.java:333)
	at org.springframework.beans.factory.support.AbstractBeanFactory.getBean(AbstractBeanFactory.java:208)
	at org.springframework.beans.factory.support.DefaultListableBeanFactory.preInstantiateSingletons(DefaultListableBeanFactory.java:944)
	at org.springframework.context.support.AbstractApplicationContext.finishBeanFactoryInitialization(AbstractApplicationContext.java:918)
	at org.springframework.context.support.AbstractApplicationContext.refresh(AbstractApplicationContext.java:583)
	at org.springframework.boot.web.servlet.context.ServletWebServerApplicationContext.refresh(ServletWebServerApplicationContext.java:145)
	at org.springframework.boot.SpringApplication.refresh(SpringApplication.java:754)
	at org.springframework.boot.SpringApplication.refreshContext(SpringApplication.java:434)
	at org.springframework.boot.SpringApplication.run(SpringApplication.java:338)
	at org.springframework.boot.SpringApplication.run(SpringApplication.java:1343)
	at org.springframework.boot.SpringApplication.run(SpringApplication.java:1332)
	at com.toys.acb.UserApplication.main(UserApplication.java:12)
Caused by: org.springframework.beans.factory.BeanCreationException: Error creating bean with name 'sessionAuthenticationStrategy' defined in class path resource [com/toys/acb/config/WebSecurityConfig.class]: Bean instantiation via factory method failed; nested exception is org.springframework.beans.BeanInstantiationException: Failed to instantiate [org.springframework.security.web.authentication.session.SessionAuthenticationStrategy]: Circular reference involving containing bean 'webSecurityConfig' - consider declaring the factory method as static for independence from its containing instance. Factory method 'sessionAuthenticationStrategy' threw exception; nested exception is java.lang.NullPointerException: Cannot invoke "org.springframework.security.context.DelegatingApplicationListener.addListener(org.springframework.context.event.SmartApplicationListener)" because "this.delegatingApplicationListener" is null
	at org.springframework.beans.factory.support.ConstructorResolver.instantiate(ConstructorResolver.java:658)
	at org.springframework.beans.factory.support.ConstructorResolver.instantiateUsingFactoryMethod(ConstructorResolver.java:486)
	at org.springframework.beans.factory.support.AbstractAutowireCapableBeanFactory.instantiateUsingFactoryMethod(AbstractAutowireCapableBeanFactory.java:1334)
	at org.springframework.beans.factory.support.AbstractAutowireCapableBeanFactory.createBeanInstance(AbstractAutowireCapableBeanFactory.java:1177)
	at org.springframework.beans.factory.support.AbstractAutowireCapableBeanFactory.doCreateBean(AbstractAutowireCapableBeanFactory.java:564)
	at org.springframework.beans.factory.support.AbstractAutowireCapableBeanFactory.createBean(AbstractAutowireCapableBeanFactory.java:524)
	at org.springframework.beans.factory.support.AbstractBeanFactory.lambda$doGetBean$0(AbstractBeanFactory.java:335)
	at org.springframework.beans.factory.support.DefaultSingletonBeanRegistry.getSingleton(DefaultSingletonBeanRegistry.java:234)
	at org.springframework.beans.factory.support.AbstractBeanFactory.doGetBean(AbstractBeanFactory.java:333)
	at org.springframework.beans.factory.support.AbstractBeanFactory.getBean(AbstractBeanFactory.java:208)
	at org.springframework.beans.factory.config.DependencyDescriptor.resolveCandidate(DependencyDescriptor.java:276)
	at org.springframework.beans.factory.support.DefaultListableBeanFactory.doResolveDependency(DefaultListableBeanFactory.java:1380)
	at org.springframework.beans.factory.support.DefaultListableBeanFactory.resolveDependency(DefaultListableBeanFactory.java:1300)
	at org.springframework.beans.factory.annotation.AutowiredAnnotationBeanPostProcessor$AutowiredFieldElement.resolveFieldValue(AutowiredAnnotationBeanPostProcessor.java:657)
	... 20 common frames omitted
Caused by: org.springframework.beans.BeanInstantiationException: Failed to instantiate [org.springframework.security.web.authentication.session.SessionAuthenticationStrategy]: Circular reference involving containing bean 'webSecurityConfig' - consider declaring the factory method as static for independence from its containing instance. Factory method 'sessionAuthenticationStrategy' threw exception; nested exception is java.lang.NullPointerException: Cannot invoke "org.springframework.security.context.DelegatingApplicationListener.addListener(org.springframework.context.event.SmartApplicationListener)" because "this.delegatingApplicationListener" is null
	at org.springframework.beans.factory.support.SimpleInstantiationStrategy.instantiate(SimpleInstantiationStrategy.java:185)
	at org.springframework.beans.factory.support.ConstructorResolver.instantiate(ConstructorResolver.java:653)
	... 33 common frames omitted
Caused by: java.lang.NullPointerException: Cannot invoke "org.springframework.security.context.DelegatingApplicationListener.addListener(org.springframework.context.event.SmartApplicationListener)" because "this.delegatingApplicationListener" is null
	at com.toys.acb.config.WebSecurityConfig.sessionAuthenticationStrategy(WebSecurityConfig.java:36)
	at com.toys.acb.config.WebSecurityConfig$$EnhancerBySpringCGLIB$$67368d0.CGLIB$sessionAuthenticationStrategy$3(<generated>)
	at com.toys.acb.config.WebSecurityConfig$$EnhancerBySpringCGLIB$$67368d0$$FastClassBySpringCGLIB$$18bc580b.invoke(<generated>)
	at org.springframework.cglib.proxy.MethodProxy.invokeSuper(MethodProxy.java:244)
	at org.springframework.context.annotation.ConfigurationClassEnhancer$BeanMethodInterceptor.intercept(ConfigurationClassEnhancer.java:331)
	at com.toys.acb.config.WebSecurityConfig$$EnhancerBySpringCGLIB$$67368d0.sessionAuthenticationStrategy(<generated>)
	at java.base/jdk.internal.reflect.NativeMethodAccessorImpl.invoke0(Native Method)
	at java.base/jdk.internal.reflect.NativeMethodAccessorImpl.invoke(NativeMethodAccessorImpl.java:64)
	at java.base/jdk.internal.reflect.DelegatingMethodAccessorImpl.invoke(DelegatingMethodAccessorImpl.java:43)
	at java.base/java.lang.reflect.Method.invoke(Method.java:564)
	at org.springframework.beans.factory.support.SimpleInstantiationStrategy.instantiate(SimpleInstantiationStrategy.java:154)
	... 34 common frames omitted
20:36:55.234 [main] INFO  com.toys.acb.UserApplication - Starting UserApplication using Java 15.0.2 on DESKTOP-2D7JFDC with PID 15176 (F:\Program\java_work\ACB\acb_user\target\classes started by CKD in F:\Program\java_work\ACB)
20:36:55.232 [background-preinit] INFO  o.h.validator.internal.util.Version - HV000001: Hibernate Validator 5.4.1.Final
20:36:55.236 [main] INFO  com.toys.acb.UserApplication - No active profile set, falling back to default profiles: default
20:36:57.046 [main] INFO  o.s.d.r.c.RepositoryConfigurationDelegate - Multiple Spring Data modules found, entering strict repository configuration mode!
20:36:57.050 [main] INFO  o.s.d.r.c.RepositoryConfigurationDelegate - Bootstrapping Spring Data Redis repositories in DEFAULT mode.
20:36:57.100 [main] INFO  o.s.d.r.c.RepositoryConfigurationDelegate - Finished Spring Data repository scanning in 29 ms. Found 0 Redis repository interfaces.
20:36:57.751 [main] INFO  o.s.c.s.PostProcessorRegistrationDelegate$BeanPostProcessorChecker - Bean 'org.springframework.security.access.expression.method.DefaultMethodSecurityExpressionHandler@590765c4' of type [org.springframework.security.access.expression.method.DefaultMethodSecurityExpressionHandler] is not eligible for getting processed by all BeanPostProcessors (for example: not eligible for auto-proxying)
20:36:57.770 [main] INFO  o.s.c.s.PostProcessorRegistrationDelegate$BeanPostProcessorChecker - Bean 'methodSecurityMetadataSource' of type [org.springframework.security.access.method.DelegatingMethodSecurityMetadataSource] is not eligible for getting processed by all BeanPostProcessors (for example: not eligible for auto-proxying)
20:36:58.082 [main] INFO  o.s.b.w.e.tomcat.TomcatWebServer - Tomcat initialized with port(s): 12358 (http)
20:36:58.089 [main] INFO  o.a.coyote.http11.Http11NioProtocol - Initializing ProtocolHandler ["http-nio-12358"]
20:36:58.090 [main] INFO  o.a.catalina.core.StandardService - Starting service [Tomcat]
20:36:58.090 [main] INFO  o.a.catalina.core.StandardEngine - Starting Servlet engine: [Apache Tomcat/9.0.46]
20:36:58.200 [main] INFO  o.a.c.c.C.[Tomcat].[localhost].[/] - Initializing Spring embedded WebApplicationContext
20:36:58.200 [main] INFO  o.s.b.w.s.c.ServletWebServerApplicationContext - Root WebApplicationContext: initialization completed in 2898 ms
20:36:58.889 [main] INFO  s.d.s.w.PropertySourcedRequestMappingHandlerMapping - Mapped URL path [/v2/api-docs] onto method [springfox.documentation.swagger2.web.Swagger2Controller#getDocumentation(String, HttpServletRequest)]
20:36:59.233 [main] INFO  o.s.s.web.DefaultSecurityFilterChain - Will secure Ant [pattern='/css/**'] with []
20:36:59.234 [main] INFO  o.s.s.web.DefaultSecurityFilterChain - Will secure Ant [pattern='/js/**'] with []
20:36:59.319 [main] INFO  o.s.s.web.DefaultSecurityFilterChain - Will secure any request with [org.springframework.security.web.context.request.async.WebAsyncManagerIntegrationFilter@186295cc, org.springframework.security.web.context.SecurityContextPersistenceFilter@3cad24ae, org.springframework.security.web.header.HeaderWriterFilter@3d764641, org.springframework.security.web.authentication.logout.LogoutFilter@31f5b923, org.springframework.security.web.authentication.UsernamePasswordAuthenticationFilter@3b2db389, org.springframework.security.web.session.ConcurrentSessionFilter@338a4c61, org.springframework.security.web.savedrequest.RequestCacheAwareFilter@18cbc3c2, org.springframework.security.web.servletapi.SecurityContextHolderAwareRequestFilter@65ef9a0a, org.springframework.security.web.authentication.AnonymousAuthenticationFilter@4e85dcb2, org.springframework.security.web.session.SessionManagementFilter@77eb607e, org.springframework.security.web.access.ExceptionTranslationFilter@681d704e, org.springframework.security.web.access.intercept.FilterSecurityInterceptor@16029e2f]
20:36:59.818 [main] INFO  com.zaxxer.hikari.HikariDataSource - HikariPool-1 - Starting...
20:37:00.146 [main] INFO  com.zaxxer.hikari.HikariDataSource - HikariPool-1 - Start completed.
20:37:00.322 [main] INFO  o.a.coyote.http11.Http11NioProtocol - Starting ProtocolHandler ["http-nio-12358"]
20:37:00.366 [main] INFO  o.s.b.w.e.tomcat.TomcatWebServer - Tomcat started on port(s): 12358 (http) with context path ''
20:37:00.368 [main] INFO  s.d.s.w.p.DocumentationPluginsBootstrapper - Context refreshed
20:37:00.385 [main] INFO  s.d.s.w.p.DocumentationPluginsBootstrapper - Found 1 custom documentation plugin(s)
20:37:00.465 [main] INFO  s.d.s.w.s.ApiListingReferenceScanner - Scanning for api listing references
20:37:00.709 [main] INFO  com.toys.acb.UserApplication - Started UserApplication in 6.026 seconds (JVM running for 7.52)
20:38:03.785 [http-nio-12358-exec-1] INFO  o.a.c.c.C.[Tomcat].[localhost].[/] - Initializing Spring DispatcherServlet 'dispatcherServlet'
20:38:03.785 [http-nio-12358-exec-1] INFO  o.s.web.servlet.DispatcherServlet - Initializing Servlet 'dispatcherServlet'
20:38:03.787 [http-nio-12358-exec-1] INFO  o.s.web.servlet.DispatcherServlet - Completed initialization in 2 ms
20:38:04.266 [http-nio-12358-exec-1] INFO  c.t.acb.service.impl.AuthServiceImpl - login success：username=Tom
20:38:04.311 [http-nio-12358-exec-1] INFO  c.toys.acb.controller.AuthController - 用户登录成功：Tom
20:38:07.779 [http-nio-12358-exec-2] INFO  c.t.acb.service.impl.UserServiceImpl - getCurrentBillList: page=1, size=4, userId=1
20:38:38.317 [http-nio-12358-exec-3] INFO  c.t.acb.service.impl.UserServiceImpl - getCurrentBillList: page=1, size=4, userId=1
20:41:52.870 [http-nio-12358-exec-7] INFO  c.t.acb.service.impl.AuthServiceImpl - login success：username=Tom
20:41:52.871 [http-nio-12358-exec-7] INFO  c.toys.acb.controller.AuthController - 用户登录成功：Tom
20:41:57.896 [http-nio-12358-exec-8] INFO  c.t.acb.service.impl.AuthServiceImpl - login success：username=Tom
20:41:57.897 [http-nio-12358-exec-8] INFO  c.toys.acb.controller.AuthController - 用户登录成功：Tom
20:42:12.054 [http-nio-12358-exec-9] INFO  c.t.acb.service.impl.UserServiceImpl - getCurrentBillList: page=1, size=4, userId=1
20:42:15.400 [http-nio-12358-exec-10] INFO  c.t.acb.service.impl.UserServiceImpl - getCurrentBillList: page=1, size=4, userId=1
20:42:16.108 [http-nio-12358-exec-1] INFO  c.t.acb.service.impl.UserServiceImpl - getCurrentBillList: page=1, size=4, userId=1
20:42:16.744 [http-nio-12358-exec-2] INFO  c.t.acb.service.impl.UserServiceImpl - getCurrentBillList: page=1, size=4, userId=1
20:42:17.404 [http-nio-12358-exec-3] INFO  c.t.acb.service.impl.UserServiceImpl - getCurrentBillList: page=1, size=4, userId=1
20:42:17.950 [http-nio-12358-exec-4] INFO  c.t.acb.service.impl.UserServiceImpl - getCurrentBillList: page=1, size=4, userId=1
20:42:18.588 [http-nio-12358-exec-5] INFO  c.t.acb.service.impl.UserServiceImpl - getCurrentBillList: page=1, size=4, userId=1
20:42:19.022 [http-nio-12358-exec-6] INFO  c.t.acb.service.impl.UserServiceImpl - getCurrentBillList: page=1, size=4, userId=1
20:42:19.570 [http-nio-12358-exec-7] INFO  c.t.acb.service.impl.UserServiceImpl - getCurrentBillList: page=1, size=4, userId=1
20:42:20.146 [http-nio-12358-exec-8] INFO  c.t.acb.service.impl.UserServiceImpl - getCurrentBillList: page=1, size=4, userId=1
20:42:20.583 [http-nio-12358-exec-9] INFO  c.t.acb.service.impl.UserServiceImpl - getCurrentBillList: page=1, size=4, userId=1
20:42:21.004 [http-nio-12358-exec-10] INFO  c.t.acb.service.impl.UserServiceImpl - getCurrentBillList: page=1, size=4, userId=1
20:42:21.519 [http-nio-12358-exec-1] INFO  c.t.acb.service.impl.UserServiceImpl - getCurrentBillList: page=1, size=4, userId=1
20:42:21.972 [http-nio-12358-exec-2] INFO  c.t.acb.service.impl.UserServiceImpl - getCurrentBillList: page=1, size=4, userId=1
20:42:44.076 [http-nio-12358-exec-3] INFO  c.t.acb.service.impl.UserServiceImpl - getCurrentBillList: page=1, size=4, userId=1
20:43:15.899 [http-nio-12358-exec-4] INFO  c.t.acb.service.impl.UserServiceImpl - getCurrentBillList: page=1, size=4, userId=1
20:44:13.140 [http-nio-12358-exec-5] INFO  c.t.acb.service.impl.UserServiceImpl - getCurrentBillList: page=1, size=4, userId=1
20:45:36.743 [http-nio-12358-exec-9] INFO  c.t.acb.service.impl.AuthServiceImpl - login success：username=Tom
20:45:36.744 [http-nio-12358-exec-9] INFO  c.toys.acb.controller.AuthController - 用户登录成功：Tom
20:45:44.164 [http-nio-12358-exec-4] INFO  c.t.acb.service.impl.AuthServiceImpl - login success：username=Tom
20:45:44.164 [http-nio-12358-exec-4] INFO  c.toys.acb.controller.AuthController - 用户登录成功：Tom
20:45:45.925 [http-nio-12358-exec-5] INFO  c.t.acb.service.impl.UserServiceImpl - getCurrentBillList: page=1, size=4, userId=1
20:53:56.736 [background-preinit] INFO  o.h.validator.internal.util.Version - HV000001: Hibernate Validator 5.4.1.Final
20:53:56.754 [main] INFO  com.toys.acb.UserApplication - Starting UserApplication using Java 15.0.2 on DESKTOP-2D7JFDC with PID 14764 (F:\Program\java_work\ACB\acb_user\target\classes started by CKD in F:\Program\java_work\ACB)
20:53:56.754 [main] INFO  com.toys.acb.UserApplication - No active profile set, falling back to default profiles: default
20:53:57.879 [main] INFO  o.s.d.r.c.RepositoryConfigurationDelegate - Multiple Spring Data modules found, entering strict repository configuration mode!
20:53:57.879 [main] INFO  o.s.d.r.c.RepositoryConfigurationDelegate - Bootstrapping Spring Data Redis repositories in DEFAULT mode.
20:53:57.910 [main] INFO  o.s.d.r.c.RepositoryConfigurationDelegate - Finished Spring Data repository scanning in 11 ms. Found 0 Redis repository interfaces.
20:53:58.225 [main] INFO  o.s.c.s.PostProcessorRegistrationDelegate$BeanPostProcessorChecker - Bean 'org.springframework.security.access.expression.method.DefaultMethodSecurityExpressionHandler@3caafa67' of type [org.springframework.security.access.expression.method.DefaultMethodSecurityExpressionHandler] is not eligible for getting processed by all BeanPostProcessors (for example: not eligible for auto-proxying)
20:53:58.240 [main] INFO  o.s.c.s.PostProcessorRegistrationDelegate$BeanPostProcessorChecker - Bean 'methodSecurityMetadataSource' of type [org.springframework.security.access.method.DelegatingMethodSecurityMetadataSource] is not eligible for getting processed by all BeanPostProcessors (for example: not eligible for auto-proxying)
20:53:58.461 [main] INFO  o.s.b.w.e.tomcat.TomcatWebServer - Tomcat initialized with port(s): 12358 (http)
20:53:58.461 [main] INFO  o.a.coyote.http11.Http11NioProtocol - Initializing ProtocolHandler ["http-nio-12358"]
20:53:58.461 [main] INFO  o.a.catalina.core.StandardService - Starting service [Tomcat]
20:53:58.461 [main] INFO  o.a.catalina.core.StandardEngine - Starting Servlet engine: [Apache Tomcat/9.0.46]
20:53:58.570 [main] INFO  o.a.c.c.C.[Tomcat].[localhost].[/] - Initializing Spring embedded WebApplicationContext
20:53:58.570 [main] INFO  o.s.b.w.s.c.ServletWebServerApplicationContext - Root WebApplicationContext: initialization completed in 1721 ms
20:54:00.260 [main] INFO  s.d.s.w.PropertySourcedRequestMappingHandlerMapping - Mapped URL path [/v2/api-docs] onto method [springfox.documentation.swagger2.web.Swagger2Controller#getDocumentation(String, HttpServletRequest)]
20:54:00.707 [main] INFO  o.s.s.web.DefaultSecurityFilterChain - Will secure Ant [pattern='/css/**'] with []
20:54:00.707 [main] INFO  o.s.s.web.DefaultSecurityFilterChain - Will secure Ant [pattern='/js/**'] with []
20:54:00.753 [main] INFO  o.s.s.web.DefaultSecurityFilterChain - Will secure any request with [org.springframework.security.web.context.request.async.WebAsyncManagerIntegrationFilter@7884f722, org.springframework.security.web.context.SecurityContextPersistenceFilter@839755f, org.springframework.security.web.header.HeaderWriterFilter@713e7d9a, org.springframework.security.web.authentication.logout.LogoutFilter@380fdcf2, org.springframework.security.web.authentication.UsernamePasswordAuthenticationFilter@adc8683, org.springframework.security.web.session.ConcurrentSessionFilter@2b6fcca1, org.springframework.security.web.savedrequest.RequestCacheAwareFilter@2328ec73, org.springframework.security.web.servletapi.SecurityContextHolderAwareRequestFilter@4ef8090b, org.springframework.security.web.authentication.AnonymousAuthenticationFilter@16029e2f, org.springframework.security.web.session.SessionManagementFilter@846b47, org.springframework.security.web.access.ExceptionTranslationFilter@21540255, org.springframework.security.web.access.intercept.FilterSecurityInterceptor@261a66b8]
20:54:01.331 [main] INFO  com.zaxxer.hikari.HikariDataSource - HikariPool-1 - Starting...
20:54:01.727 [main] INFO  com.zaxxer.hikari.HikariDataSource - HikariPool-1 - Start completed.
20:54:02.047 [main] INFO  o.a.coyote.http11.Http11NioProtocol - Starting ProtocolHandler ["http-nio-12358"]
20:54:02.109 [main] INFO  o.s.b.w.e.tomcat.TomcatWebServer - Tomcat started on port(s): 12358 (http) with context path ''
20:54:02.109 [main] INFO  s.d.s.w.p.DocumentationPluginsBootstrapper - Context refreshed
20:54:02.125 [main] INFO  s.d.s.w.p.DocumentationPluginsBootstrapper - Found 1 custom documentation plugin(s)
20:54:02.187 [main] INFO  s.d.s.w.s.ApiListingReferenceScanner - Scanning for api listing references
20:54:02.425 [main] INFO  com.toys.acb.UserApplication - Started UserApplication in 6.496 seconds (JVM running for 8.596)
20:54:11.624 [http-nio-12358-exec-1] INFO  o.a.c.c.C.[Tomcat].[localhost].[/] - Initializing Spring DispatcherServlet 'dispatcherServlet'
20:54:11.624 [http-nio-12358-exec-1] INFO  o.s.web.servlet.DispatcherServlet - Initializing Servlet 'dispatcherServlet'
20:54:11.625 [http-nio-12358-exec-1] INFO  o.s.web.servlet.DispatcherServlet - Completed initialization in 1 ms
20:54:11.989 [http-nio-12358-exec-1] INFO  c.t.acb.service.impl.AuthServiceImpl - login success：username=Tom
20:54:12.026 [http-nio-12358-exec-1] INFO  c.toys.acb.controller.AuthController - 用户登录成功：Tom
20:54:15.315 [http-nio-12358-exec-2] INFO  c.t.acb.service.impl.UserServiceImpl - getCurrentBillList: page=1, size=4, userId=1
20:54:17.356 [http-nio-12358-exec-3] INFO  c.t.acb.service.impl.UserServiceImpl - getCurrentBillList: page=1, size=4, userId=1
20:54:21.054 [http-nio-12358-exec-4] INFO  c.t.acb.service.impl.UserServiceImpl - getCurrentBillList: page=1, size=4, userId=1
20:54:23.026 [http-nio-12358-exec-5] INFO  c.t.acb.service.impl.UserServiceImpl - getCurrentBillList: page=1, size=4, userId=1
20:54:24.850 [http-nio-12358-exec-6] INFO  c.t.acb.service.impl.UserServiceImpl - getCurrentBillList: page=1, size=4, userId=1
20:54:26.636 [http-nio-12358-exec-7] INFO  c.t.acb.service.impl.UserServiceImpl - getCurrentBillList: page=1, size=4, userId=1
20:54:28.158 [http-nio-12358-exec-8] INFO  c.t.acb.service.impl.UserServiceImpl - getCurrentBillList: page=1, size=4, userId=1
20:54:29.658 [http-nio-12358-exec-9] INFO  c.t.acb.service.impl.UserServiceImpl - getCurrentBillList: page=1, size=4, userId=1
20:54:31.359 [http-nio-12358-exec-10] INFO  c.t.acb.service.impl.UserServiceImpl - getCurrentBillList: page=1, size=4, userId=1
20:57:58.120 [background-preinit] INFO  o.h.validator.internal.util.Version - HV000001: Hibernate Validator 5.4.1.Final
20:57:58.125 [main] INFO  com.toys.acb.UserApplication - Starting UserApplication using Java 15.0.2 on DESKTOP-2D7JFDC with PID 8188 (F:\Program\java_work\ACB\acb_user\target\classes started by CKD in F:\Program\java_work\ACB)
20:57:58.125 [main] INFO  com.toys.acb.UserApplication - No active profile set, falling back to default profiles: default
20:57:59.111 [main] INFO  o.s.d.r.c.RepositoryConfigurationDelegate - Multiple Spring Data modules found, entering strict repository configuration mode!
20:57:59.111 [main] INFO  o.s.d.r.c.RepositoryConfigurationDelegate - Bootstrapping Spring Data Redis repositories in DEFAULT mode.
20:57:59.142 [main] INFO  o.s.d.r.c.RepositoryConfigurationDelegate - Finished Spring Data repository scanning in 11 ms. Found 0 Redis repository interfaces.
20:57:59.485 [main] INFO  o.s.c.s.PostProcessorRegistrationDelegate$BeanPostProcessorChecker - Bean 'org.springframework.security.access.expression.method.DefaultMethodSecurityExpressionHandler@4d705112' of type [org.springframework.security.access.expression.method.DefaultMethodSecurityExpressionHandler] is not eligible for getting processed by all BeanPostProcessors (for example: not eligible for auto-proxying)
20:57:59.485 [main] INFO  o.s.c.s.PostProcessorRegistrationDelegate$BeanPostProcessorChecker - Bean 'methodSecurityMetadataSource' of type [org.springframework.security.access.method.DelegatingMethodSecurityMetadataSource] is not eligible for getting processed by all BeanPostProcessors (for example: not eligible for auto-proxying)
20:57:59.720 [main] INFO  o.s.b.w.e.tomcat.TomcatWebServer - Tomcat initialized with port(s): 12358 (http)
20:57:59.720 [main] INFO  o.a.coyote.http11.Http11NioProtocol - Initializing ProtocolHandler ["http-nio-12358"]
20:57:59.720 [main] INFO  o.a.catalina.core.StandardService - Starting service [Tomcat]
20:57:59.720 [main] INFO  o.a.catalina.core.StandardEngine - Starting Servlet engine: [Apache Tomcat/9.0.46]
20:57:59.845 [main] INFO  o.a.c.c.C.[Tomcat].[localhost].[/] - Initializing Spring embedded WebApplicationContext
20:57:59.845 [main] INFO  o.s.b.w.s.c.ServletWebServerApplicationContext - Root WebApplicationContext: initialization completed in 1670 ms
20:58:00.485 [main] INFO  s.d.s.w.PropertySourcedRequestMappingHandlerMapping - Mapped URL path [/v2/api-docs] onto method [springfox.documentation.swagger2.web.Swagger2Controller#getDocumentation(String, HttpServletRequest)]
20:58:00.704 [main] INFO  o.s.s.web.DefaultSecurityFilterChain - Will secure Ant [pattern='/css/**'] with []
20:58:00.704 [main] INFO  o.s.s.web.DefaultSecurityFilterChain - Will secure Ant [pattern='/js/**'] with []
20:58:00.751 [main] INFO  o.s.s.web.DefaultSecurityFilterChain - Will secure any request with [org.springframework.security.web.context.request.async.WebAsyncManagerIntegrationFilter@1b28cff, org.springframework.security.web.context.SecurityContextPersistenceFilter@18cbc3c2, org.springframework.security.web.header.HeaderWriterFilter@77eb607e, org.springframework.security.web.authentication.logout.LogoutFilter@734cf881, org.springframework.security.web.authentication.UsernamePasswordAuthenticationFilter@1a139347, org.springframework.security.web.session.ConcurrentSessionFilter@71d99732, org.springframework.security.web.savedrequest.RequestCacheAwareFilter@4ef8090b, org.springframework.security.web.servletapi.SecurityContextHolderAwareRequestFilter@77e6761f, org.springframework.security.web.authentication.AnonymousAuthenticationFilter@73dbe25, org.springframework.security.web.session.SessionManagementFilter@10d4b573, org.springframework.security.web.access.ExceptionTranslationFilter@3c3ab672, org.springframework.security.web.access.intercept.FilterSecurityInterceptor@45f1413c]
20:58:01.173 [main] INFO  com.zaxxer.hikari.HikariDataSource - HikariPool-1 - Starting...
20:58:01.411 [main] INFO  com.zaxxer.hikari.HikariDataSource - HikariPool-1 - Start completed.
20:58:01.540 [main] INFO  o.a.coyote.http11.Http11NioProtocol - Starting ProtocolHandler ["http-nio-12358"]
20:58:01.571 [main] INFO  o.s.b.w.e.tomcat.TomcatWebServer - Tomcat started on port(s): 12358 (http) with context path ''
20:58:01.571 [main] INFO  s.d.s.w.p.DocumentationPluginsBootstrapper - Context refreshed
20:58:01.602 [main] INFO  s.d.s.w.p.DocumentationPluginsBootstrapper - Found 1 custom documentation plugin(s)
20:58:01.649 [main] INFO  s.d.s.w.s.ApiListingReferenceScanner - Scanning for api listing references
20:58:01.878 [main] INFO  com.toys.acb.UserApplication - Started UserApplication in 4.285 seconds (JVM running for 5.925)
20:58:03.524 [http-nio-12358-exec-1] INFO  o.a.c.c.C.[Tomcat].[localhost].[/] - Initializing Spring DispatcherServlet 'dispatcherServlet'
20:58:03.524 [http-nio-12358-exec-1] INFO  o.s.web.servlet.DispatcherServlet - Initializing Servlet 'dispatcherServlet'
20:58:03.526 [http-nio-12358-exec-1] INFO  o.s.web.servlet.DispatcherServlet - Completed initialization in 2 ms
20:58:03.945 [http-nio-12358-exec-1] INFO  c.t.acb.service.impl.AuthServiceImpl - login success：username=Tom
20:58:03.983 [http-nio-12358-exec-1] INFO  c.toys.acb.controller.AuthController - 用户登录成功：Tom
20:58:13.135 [http-nio-12358-exec-2] INFO  c.t.acb.service.impl.UserServiceImpl - getCurrentBillList: page=1, size=4, userId=1
20:58:25.625 [http-nio-12358-exec-3] INFO  c.t.acb.service.impl.UserServiceImpl - getCurrentBillList: page=1, size=4, userId=1
20:58:45.034 [http-nio-12358-exec-4] INFO  c.t.acb.service.impl.UserServiceImpl - getCurrentBillList: page=1, size=4, userId=1
20:59:08.836 [background-preinit] INFO  o.h.validator.internal.util.Version - HV000001: Hibernate Validator 5.4.1.Final
20:59:08.877 [main] INFO  com.toys.acb.UserApplication - Starting UserApplication using Java 15.0.2 on DESKTOP-2D7JFDC with PID 2508 (F:\Program\java_work\ACB\acb_user\target\classes started by CKD in F:\Program\java_work\ACB)
20:59:08.878 [main] INFO  com.toys.acb.UserApplication - No active profile set, falling back to default profiles: default
20:59:10.307 [main] INFO  o.s.d.r.c.RepositoryConfigurationDelegate - Multiple Spring Data modules found, entering strict repository configuration mode!
20:59:10.310 [main] INFO  o.s.d.r.c.RepositoryConfigurationDelegate - Bootstrapping Spring Data Redis repositories in DEFAULT mode.
20:59:10.338 [main] INFO  o.s.d.r.c.RepositoryConfigurationDelegate - Finished Spring Data repository scanning in 14 ms. Found 0 Redis repository interfaces.
20:59:10.703 [main] INFO  o.s.c.s.PostProcessorRegistrationDelegate$BeanPostProcessorChecker - Bean 'org.springframework.security.access.expression.method.DefaultMethodSecurityExpressionHandler@2b53840a' of type [org.springframework.security.access.expression.method.DefaultMethodSecurityExpressionHandler] is not eligible for getting processed by all BeanPostProcessors (for example: not eligible for auto-proxying)
20:59:10.709 [main] INFO  o.s.c.s.PostProcessorRegistrationDelegate$BeanPostProcessorChecker - Bean 'methodSecurityMetadataSource' of type [org.springframework.security.access.method.DelegatingMethodSecurityMetadataSource] is not eligible for getting processed by all BeanPostProcessors (for example: not eligible for auto-proxying)
20:59:10.931 [main] INFO  o.s.b.w.e.tomcat.TomcatWebServer - Tomcat initialized with port(s): 12358 (http)
20:59:10.938 [main] INFO  o.a.coyote.http11.Http11NioProtocol - Initializing ProtocolHandler ["http-nio-12358"]
20:59:10.939 [main] INFO  o.a.catalina.core.StandardService - Starting service [Tomcat]
20:59:10.939 [main] INFO  o.a.catalina.core.StandardEngine - Starting Servlet engine: [Apache Tomcat/9.0.46]
20:59:11.044 [main] INFO  o.a.c.c.C.[Tomcat].[localhost].[/] - Initializing Spring embedded WebApplicationContext
20:59:11.044 [main] INFO  o.s.b.w.s.c.ServletWebServerApplicationContext - Root WebApplicationContext: initialization completed in 1935 ms
20:59:11.660 [main] INFO  s.d.s.w.PropertySourcedRequestMappingHandlerMapping - Mapped URL path [/v2/api-docs] onto method [springfox.documentation.swagger2.web.Swagger2Controller#getDocumentation(String, HttpServletRequest)]
20:59:11.871 [main] INFO  o.s.s.web.DefaultSecurityFilterChain - Will secure Ant [pattern='/css/**'] with []
20:59:11.872 [main] INFO  o.s.s.web.DefaultSecurityFilterChain - Will secure Ant [pattern='/js/**'] with []
20:59:11.924 [main] INFO  o.s.s.web.DefaultSecurityFilterChain - Will secure any request with [org.springframework.security.web.context.request.async.WebAsyncManagerIntegrationFilter@47b4ac83, org.springframework.security.web.context.SecurityContextPersistenceFilter@2e0652ab, org.springframework.security.web.header.HeaderWriterFilter@2965dd88, org.springframework.security.web.authentication.logout.LogoutFilter@3c3ab672, org.springframework.security.web.authentication.UsernamePasswordAuthenticationFilter@2acb1264, org.springframework.security.web.session.ConcurrentSessionFilter@78f5cbc5, org.springframework.security.web.savedrequest.RequestCacheAwareFilter@129b69b2, org.springframework.security.web.servletapi.SecurityContextHolderAwareRequestFilter@29519337, org.springframework.security.web.authentication.AnonymousAuthenticationFilter@351ede23, org.springframework.security.web.session.SessionManagementFilter@51141f64, org.springframework.security.web.access.ExceptionTranslationFilter@4fc3529, org.springframework.security.web.access.intercept.FilterSecurityInterceptor@283e1759]
20:59:12.343 [main] INFO  com.zaxxer.hikari.HikariDataSource - HikariPool-1 - Starting...
20:59:12.642 [main] INFO  com.zaxxer.hikari.HikariDataSource - HikariPool-1 - Start completed.
20:59:12.823 [main] INFO  o.a.coyote.http11.Http11NioProtocol - Starting ProtocolHandler ["http-nio-12358"]
20:59:12.866 [main] INFO  o.s.b.w.e.tomcat.TomcatWebServer - Tomcat started on port(s): 12358 (http) with context path ''
20:59:12.868 [main] INFO  s.d.s.w.p.DocumentationPluginsBootstrapper - Context refreshed
20:59:12.890 [main] INFO  s.d.s.w.p.DocumentationPluginsBootstrapper - Found 1 custom documentation plugin(s)
20:59:12.952 [main] INFO  s.d.s.w.s.ApiListingReferenceScanner - Scanning for api listing references
20:59:13.200 [main] INFO  com.toys.acb.UserApplication - Started UserApplication in 7.392 seconds (JVM running for 9.028)
20:59:15.325 [http-nio-12358-exec-1] INFO  o.a.c.c.C.[Tomcat].[localhost].[/] - Initializing Spring DispatcherServlet 'dispatcherServlet'
20:59:15.325 [http-nio-12358-exec-1] INFO  o.s.web.servlet.DispatcherServlet - Initializing Servlet 'dispatcherServlet'
20:59:15.326 [http-nio-12358-exec-1] INFO  o.s.web.servlet.DispatcherServlet - Completed initialization in 1 ms
20:59:15.703 [http-nio-12358-exec-1] INFO  c.t.acb.service.impl.AuthServiceImpl - login success：username=Tom
20:59:15.744 [http-nio-12358-exec-1] INFO  c.toys.acb.controller.AuthController - 用户登录成功：Tom
20:59:26.593 [http-nio-12358-exec-2] INFO  c.t.acb.service.impl.UserServiceImpl - getCurrentBillList: page=1, size=4, userId=1
20:59:40.544 [http-nio-12358-exec-3] INFO  c.t.acb.service.impl.UserServiceImpl - getCurrentBillList: page=1, size=4, userId=1
21:00:03.877 [main] INFO  com.toys.acb.UserApplication - Starting UserApplication using Java 15.0.2 on DESKTOP-2D7JFDC with PID 17280 (F:\Program\java_work\ACB\acb_user\target\classes started by CKD in F:\Program\java_work\ACB)
21:00:03.892 [main] INFO  com.toys.acb.UserApplication - No active profile set, falling back to default profiles: default
21:00:03.892 [background-preinit] INFO  o.h.validator.internal.util.Version - HV000001: Hibernate Validator 5.4.1.Final
21:00:04.816 [main] INFO  o.s.d.r.c.RepositoryConfigurationDelegate - Multiple Spring Data modules found, entering strict repository configuration mode!
21:00:04.818 [main] INFO  o.s.d.r.c.RepositoryConfigurationDelegate - Bootstrapping Spring Data Redis repositories in DEFAULT mode.
21:00:04.841 [main] INFO  o.s.d.r.c.RepositoryConfigurationDelegate - Finished Spring Data repository scanning in 11 ms. Found 0 Redis repository interfaces.
21:00:05.151 [main] INFO  o.s.c.s.PostProcessorRegistrationDelegate$BeanPostProcessorChecker - Bean 'org.springframework.security.access.expression.method.DefaultMethodSecurityExpressionHandler@12219f6a' of type [org.springframework.security.access.expression.method.DefaultMethodSecurityExpressionHandler] is not eligible for getting processed by all BeanPostProcessors (for example: not eligible for auto-proxying)
21:00:05.151 [main] INFO  o.s.c.s.PostProcessorRegistrationDelegate$BeanPostProcessorChecker - Bean 'methodSecurityMetadataSource' of type [org.springframework.security.access.method.DelegatingMethodSecurityMetadataSource] is not eligible for getting processed by all BeanPostProcessors (for example: not eligible for auto-proxying)
21:00:05.370 [main] INFO  o.s.b.w.e.tomcat.TomcatWebServer - Tomcat initialized with port(s): 12358 (http)
21:00:05.370 [main] INFO  o.a.coyote.http11.Http11NioProtocol - Initializing ProtocolHandler ["http-nio-12358"]
21:00:05.370 [main] INFO  o.a.catalina.core.StandardService - Starting service [Tomcat]
21:00:05.370 [main] INFO  o.a.catalina.core.StandardEngine - Starting Servlet engine: [Apache Tomcat/9.0.46]
21:00:05.479 [main] INFO  o.a.c.c.C.[Tomcat].[localhost].[/] - Initializing Spring embedded WebApplicationContext
21:00:05.479 [main] INFO  o.s.b.w.s.c.ServletWebServerApplicationContext - Root WebApplicationContext: initialization completed in 1540 ms
21:00:06.094 [main] INFO  s.d.s.w.PropertySourcedRequestMappingHandlerMapping - Mapped URL path [/v2/api-docs] onto method [springfox.documentation.swagger2.web.Swagger2Controller#getDocumentation(String, HttpServletRequest)]
21:00:06.298 [main] INFO  o.s.s.web.DefaultSecurityFilterChain - Will secure Ant [pattern='/css/**'] with []
21:00:06.298 [main] INFO  o.s.s.web.DefaultSecurityFilterChain - Will secure Ant [pattern='/js/**'] with []
21:00:06.344 [main] INFO  o.s.s.web.DefaultSecurityFilterChain - Will secure any request with [org.springframework.security.web.context.request.async.WebAsyncManagerIntegrationFilter@638977e0, org.springframework.security.web.context.SecurityContextPersistenceFilter@25216999, org.springframework.security.web.header.HeaderWriterFilter@24b3f778, org.springframework.security.web.authentication.logout.LogoutFilter@47b4ac83, org.springframework.security.web.authentication.UsernamePasswordAuthenticationFilter@149b53fa, org.springframework.security.web.session.ConcurrentSessionFilter@4ef8090b, org.springframework.security.web.savedrequest.RequestCacheAwareFilter@5c997de8, org.springframework.security.web.servletapi.SecurityContextHolderAwareRequestFilter@537b3be1, org.springframework.security.web.authentication.AnonymousAuthenticationFilter@2dc3ece8, org.springframework.security.web.session.SessionManagementFilter@4392362c, org.springframework.security.web.access.ExceptionTranslationFilter@7c3c3d67, org.springframework.security.web.access.intercept.FilterSecurityInterceptor@7e3d168e]
21:00:06.741 [main] INFO  com.zaxxer.hikari.HikariDataSource - HikariPool-1 - Starting...
21:00:06.981 [main] INFO  com.zaxxer.hikari.HikariDataSource - HikariPool-1 - Start completed.
21:00:07.109 [main] INFO  o.a.coyote.http11.Http11NioProtocol - Starting ProtocolHandler ["http-nio-12358"]
21:00:07.140 [main] INFO  o.s.b.w.e.tomcat.TomcatWebServer - Tomcat started on port(s): 12358 (http) with context path ''
21:00:07.140 [main] INFO  s.d.s.w.p.DocumentationPluginsBootstrapper - Context refreshed
21:00:07.156 [main] INFO  s.d.s.w.p.DocumentationPluginsBootstrapper - Found 1 custom documentation plugin(s)
21:00:07.187 [main] INFO  s.d.s.w.s.ApiListingReferenceScanner - Scanning for api listing references
21:00:07.410 [main] INFO  com.toys.acb.UserApplication - Started UserApplication in 4.127 seconds (JVM running for 5.99)
21:00:13.916 [http-nio-12358-exec-1] INFO  o.a.c.c.C.[Tomcat].[localhost].[/] - Initializing Spring DispatcherServlet 'dispatcherServlet'
21:00:13.916 [http-nio-12358-exec-1] INFO  o.s.web.servlet.DispatcherServlet - Initializing Servlet 'dispatcherServlet'
21:00:13.917 [http-nio-12358-exec-1] INFO  o.s.web.servlet.DispatcherServlet - Completed initialization in 1 ms
21:00:14.278 [http-nio-12358-exec-1] INFO  c.t.acb.service.impl.AuthServiceImpl - login success：username=Tom
21:00:14.317 [http-nio-12358-exec-1] INFO  c.toys.acb.controller.AuthController - 用户登录成功：Tom
23:08:11.293 [main] INFO  com.toys.acb.UserApplication - Starting UserApplication using Java 15.0.2 on DESKTOP-2D7JFDC with PID 4876 (F:\Program\java_work\ACB\acb_user\target\classes started by CKD in F:\Program\java_work\ACB)
23:08:11.292 [background-preinit] INFO  o.h.validator.internal.util.Version - HV000001: Hibernate Validator 5.4.1.Final
23:08:11.295 [main] INFO  com.toys.acb.UserApplication - No active profile set, falling back to default profiles: default
23:08:12.424 [main] INFO  o.s.d.r.c.RepositoryConfigurationDelegate - Multiple Spring Data modules found, entering strict repository configuration mode!
23:08:12.427 [main] INFO  o.s.d.r.c.RepositoryConfigurationDelegate - Bootstrapping Spring Data Redis repositories in DEFAULT mode.
23:08:12.455 [main] INFO  o.s.d.r.c.RepositoryConfigurationDelegate - Finished Spring Data repository scanning in 13 ms. Found 0 Redis repository interfaces.
23:08:12.825 [main] INFO  o.s.c.s.PostProcessorRegistrationDelegate$BeanPostProcessorChecker - Bean 'org.springframework.security.access.expression.method.DefaultMethodSecurityExpressionHandler@53747c4a' of type [org.springframework.security.access.expression.method.DefaultMethodSecurityExpressionHandler] is not eligible for getting processed by all BeanPostProcessors (for example: not eligible for auto-proxying)
23:08:12.830 [main] INFO  o.s.c.s.PostProcessorRegistrationDelegate$BeanPostProcessorChecker - Bean 'methodSecurityMetadataSource' of type [org.springframework.security.access.method.DelegatingMethodSecurityMetadataSource] is not eligible for getting processed by all BeanPostProcessors (for example: not eligible for auto-proxying)
23:08:13.092 [main] INFO  o.s.b.w.e.tomcat.TomcatWebServer - Tomcat initialized with port(s): 12358 (http)
23:08:13.103 [main] INFO  o.a.coyote.http11.Http11NioProtocol - Initializing ProtocolHandler ["http-nio-12358"]
23:08:13.104 [main] INFO  o.a.catalina.core.StandardService - Starting service [Tomcat]
23:08:13.104 [main] INFO  o.a.catalina.core.StandardEngine - Starting Servlet engine: [Apache Tomcat/9.0.46]
23:08:13.214 [main] INFO  o.a.c.c.C.[Tomcat].[localhost].[/] - Initializing Spring embedded WebApplicationContext
23:08:13.214 [main] INFO  o.s.b.w.s.c.ServletWebServerApplicationContext - Root WebApplicationContext: initialization completed in 1862 ms
23:08:13.923 [main] INFO  s.d.s.w.PropertySourcedRequestMappingHandlerMapping - Mapped URL path [/v2/api-docs] onto method [springfox.documentation.swagger2.web.Swagger2Controller#getDocumentation(String, HttpServletRequest)]
23:08:14.208 [main] INFO  o.s.s.web.DefaultSecurityFilterChain - Will secure Ant [pattern='/css/**'] with []
23:08:14.208 [main] INFO  o.s.s.web.DefaultSecurityFilterChain - Will secure Ant [pattern='/js/**'] with []
23:08:14.256 [main] INFO  o.s.s.web.DefaultSecurityFilterChain - Will secure any request with [org.springframework.security.web.context.request.async.WebAsyncManagerIntegrationFilter@1a139347, org.springframework.security.web.context.SecurityContextPersistenceFilter@17053b5, org.springframework.security.web.header.HeaderWriterFilter@1e8bccfb, org.springframework.security.web.authentication.logout.LogoutFilter@15d58530, org.springframework.security.web.authentication.UsernamePasswordAuthenticationFilter@16029e2f, org.springframework.security.web.session.ConcurrentSessionFilter@839755f, org.springframework.security.web.savedrequest.RequestCacheAwareFilter@58021c3c, org.springframework.security.web.servletapi.SecurityContextHolderAwareRequestFilter@7bda01da, org.springframework.security.web.authentication.AnonymousAuthenticationFilter@186295cc, org.springframework.security.web.session.SessionManagementFilter@1f1fbc9f, org.springframework.security.web.access.ExceptionTranslationFilter@846b47, org.springframework.security.web.access.intercept.FilterSecurityInterceptor@7884f722]
23:08:14.729 [main] INFO  com.zaxxer.hikari.HikariDataSource - HikariPool-1 - Starting...
23:08:15.010 [main] INFO  com.zaxxer.hikari.HikariDataSource - HikariPool-1 - Start completed.
23:08:15.168 [main] INFO  o.a.coyote.http11.Http11NioProtocol - Starting ProtocolHandler ["http-nio-12358"]
23:08:15.196 [main] INFO  o.s.b.w.e.tomcat.TomcatWebServer - Tomcat started on port(s): 12358 (http) with context path ''
23:08:15.198 [main] INFO  s.d.s.w.p.DocumentationPluginsBootstrapper - Context refreshed
23:08:15.227 [main] INFO  s.d.s.w.p.DocumentationPluginsBootstrapper - Found 1 custom documentation plugin(s)
23:08:15.273 [main] INFO  s.d.s.w.s.ApiListingReferenceScanner - Scanning for api listing references
23:08:15.579 [main] INFO  com.toys.acb.UserApplication - Started UserApplication in 4.992 seconds (JVM running for 8.085)
23:08:46.893 [http-nio-12358-exec-1] INFO  o.a.c.c.C.[Tomcat].[localhost].[/] - Initializing Spring DispatcherServlet 'dispatcherServlet'
23:08:46.894 [http-nio-12358-exec-1] INFO  o.s.web.servlet.DispatcherServlet - Initializing Servlet 'dispatcherServlet'
23:08:46.897 [http-nio-12358-exec-1] INFO  o.s.web.servlet.DispatcherServlet - Completed initialization in 3 ms
23:08:52.292 [http-nio-12358-exec-4] INFO  c.t.acb.service.impl.AuthServiceImpl - login success：username=Tom
23:08:52.293 [http-nio-12358-exec-4] INFO  c.toys.acb.controller.AuthController - 用户登录成功：Tom
23:08:56.474 [http-nio-12358-exec-6] INFO  c.t.acb.service.impl.AuthServiceImpl - login success：username=Tom
23:08:56.475 [http-nio-12358-exec-6] INFO  c.toys.acb.controller.AuthController - 用户登录成功：Tom
23:09:00.319 [http-nio-12358-exec-7] INFO  c.t.acb.service.impl.UserServiceImpl - getCurrentBillList: page=1, size=4, userId=1
23:09:06.431 [http-nio-12358-exec-8] INFO  c.t.acb.service.impl.UserServiceImpl - getCurrentBillList: page=1, size=4, userId=1
23:12:34.530 [background-preinit] INFO  o.h.validator.internal.util.Version - HV000001: Hibernate Validator 5.4.1.Final
23:12:34.531 [main] INFO  com.toys.acb.UserApplication - Starting UserApplication using Java 15.0.2 on DESKTOP-2D7JFDC with PID 11396 (F:\Program\java_work\ACB\acb_user\target\classes started by CKD in F:\Program\java_work\ACB)
23:12:34.533 [main] INFO  com.toys.acb.UserApplication - No active profile set, falling back to default profiles: default
23:12:36.226 [main] INFO  o.s.d.r.c.RepositoryConfigurationDelegate - Multiple Spring Data modules found, entering strict repository configuration mode!
23:12:36.232 [main] INFO  o.s.d.r.c.RepositoryConfigurationDelegate - Bootstrapping Spring Data Redis repositories in DEFAULT mode.
23:12:36.269 [main] INFO  o.s.d.r.c.RepositoryConfigurationDelegate - Finished Spring Data repository scanning in 16 ms. Found 0 Redis repository interfaces.
23:12:36.707 [main] INFO  o.s.c.s.PostProcessorRegistrationDelegate$BeanPostProcessorChecker - Bean 'org.springframework.security.access.expression.method.DefaultMethodSecurityExpressionHandler@52d3fafd' of type [org.springframework.security.access.expression.method.DefaultMethodSecurityExpressionHandler] is not eligible for getting processed by all BeanPostProcessors (for example: not eligible for auto-proxying)
23:12:36.716 [main] INFO  o.s.c.s.PostProcessorRegistrationDelegate$BeanPostProcessorChecker - Bean 'methodSecurityMetadataSource' of type [org.springframework.security.access.method.DelegatingMethodSecurityMetadataSource] is not eligible for getting processed by all BeanPostProcessors (for example: not eligible for auto-proxying)
23:12:36.985 [main] INFO  o.s.b.w.e.tomcat.TomcatWebServer - Tomcat initialized with port(s): 12358 (http)
23:12:36.993 [main] INFO  o.a.coyote.http11.Http11NioProtocol - Initializing ProtocolHandler ["http-nio-12358"]
23:12:36.993 [main] INFO  o.a.catalina.core.StandardService - Starting service [Tomcat]
23:12:36.994 [main] INFO  o.a.catalina.core.StandardEngine - Starting Servlet engine: [Apache Tomcat/9.0.46]
23:12:37.119 [main] INFO  o.a.c.c.C.[Tomcat].[localhost].[/] - Initializing Spring embedded WebApplicationContext
23:12:37.120 [main] INFO  o.s.b.w.s.c.ServletWebServerApplicationContext - Root WebApplicationContext: initialization completed in 2519 ms
23:12:37.874 [main] INFO  s.d.s.w.PropertySourcedRequestMappingHandlerMapping - Mapped URL path [/v2/api-docs] onto method [springfox.documentation.swagger2.web.Swagger2Controller#getDocumentation(String, HttpServletRequest)]
23:12:38.134 [main] INFO  o.s.s.web.DefaultSecurityFilterChain - Will secure Ant [pattern='/css/**'] with []
23:12:38.134 [main] INFO  o.s.s.web.DefaultSecurityFilterChain - Will secure Ant [pattern='/js/**'] with []
23:12:38.184 [main] INFO  o.s.s.web.DefaultSecurityFilterChain - Will secure any request with [org.springframework.security.web.context.request.async.WebAsyncManagerIntegrationFilter@73be4cdd, org.springframework.security.web.context.SecurityContextPersistenceFilter@7bda01da, org.springframework.security.web.header.HeaderWriterFilter@24b3f778, org.springframework.security.web.authentication.logout.LogoutFilter@30a01dd8, org.springframework.security.web.authentication.UsernamePasswordAuthenticationFilter@6bfdaa7a, org.springframework.security.web.session.ConcurrentSessionFilter@4ef8090b, org.springframework.security.web.savedrequest.RequestCacheAwareFilter@25216999, org.springframework.security.web.servletapi.SecurityContextHolderAwareRequestFilter@114b203, org.springframework.security.web.authentication.AnonymousAuthenticationFilter@751686aa, org.springframework.security.web.session.SessionManagementFilter@4392362c, org.springframework.security.web.access.ExceptionTranslationFilter@7c3c3d67, org.springframework.security.web.access.intercept.FilterSecurityInterceptor@bfd97fb]
23:12:38.677 [main] INFO  com.zaxxer.hikari.HikariDataSource - HikariPool-1 - Starting...
23:12:39.017 [main] INFO  com.zaxxer.hikari.HikariDataSource - HikariPool-1 - Start completed.
23:12:39.180 [main] INFO  o.a.coyote.http11.Http11NioProtocol - Starting ProtocolHandler ["http-nio-12358"]
23:12:39.209 [main] INFO  o.s.b.w.e.tomcat.TomcatWebServer - Tomcat started on port(s): 12358 (http) with context path ''
23:12:39.210 [main] INFO  s.d.s.w.p.DocumentationPluginsBootstrapper - Context refreshed
23:12:39.236 [main] INFO  s.d.s.w.p.DocumentationPluginsBootstrapper - Found 1 custom documentation plugin(s)
23:12:39.283 [main] INFO  s.d.s.w.s.ApiListingReferenceScanner - Scanning for api listing references
23:12:39.543 [main] INFO  com.toys.acb.UserApplication - Started UserApplication in 5.6 seconds (JVM running for 8.128)
23:12:52.718 [http-nio-12358-exec-1] INFO  o.a.c.c.C.[Tomcat].[localhost].[/] - Initializing Spring DispatcherServlet 'dispatcherServlet'
23:12:52.718 [http-nio-12358-exec-1] INFO  o.s.web.servlet.DispatcherServlet - Initializing Servlet 'dispatcherServlet'
23:12:52.719 [http-nio-12358-exec-1] INFO  o.s.web.servlet.DispatcherServlet - Completed initialization in 1 ms
23:12:56.542 [http-nio-12358-exec-3] INFO  c.t.acb.service.impl.AuthServiceImpl - login success：username=Tom
23:12:56.543 [http-nio-12358-exec-3] INFO  c.toys.acb.controller.AuthController - 用户登录成功：Tom
23:13:01.113 [http-nio-12358-exec-5] INFO  c.t.acb.service.impl.AuthServiceImpl - login success：username=Tom
23:13:01.114 [http-nio-12358-exec-5] INFO  c.toys.acb.controller.AuthController - 用户登录成功：Tom
23:13:05.764 [http-nio-12358-exec-6] INFO  c.t.acb.service.impl.UserServiceImpl - getCurrentBillList: page=1, size=4, userId=1
23:13:10.556 [http-nio-12358-exec-7] INFO  c.t.acb.service.impl.UserServiceImpl - getCurrentBillList: page=1, size=4, userId=1
23:13:18.980 [http-nio-12358-exec-2] INFO  c.t.acb.service.impl.UserServiceImpl - getCurrentBillList: page=1, size=4, userId=1
23:31:03.113 [background-preinit] INFO  o.h.validator.internal.util.Version - HV000001: Hibernate Validator 5.4.1.Final
23:31:03.159 [main] INFO  com.toys.acb.UserApplication - Starting UserApplication using Java 15.0.2 on DESKTOP-2D7JFDC with PID 12260 (F:\Program\java_work\ACB\acb_user\target\classes started by CKD in F:\Program\java_work\ACB)
23:31:03.163 [main] INFO  com.toys.acb.UserApplication - No active profile set, falling back to default profiles: default
23:31:05.248 [main] INFO  o.s.d.r.c.RepositoryConfigurationDelegate - Multiple Spring Data modules found, entering strict repository configuration mode!
23:31:05.250 [main] INFO  o.s.d.r.c.RepositoryConfigurationDelegate - Bootstrapping Spring Data Redis repositories in DEFAULT mode.
23:31:05.281 [main] INFO  o.s.d.r.c.RepositoryConfigurationDelegate - Finished Spring Data repository scanning in 14 ms. Found 0 Redis repository interfaces.
23:31:05.701 [main] INFO  o.s.c.s.PostProcessorRegistrationDelegate$BeanPostProcessorChecker - Bean 'org.springframework.security.access.expression.method.DefaultMethodSecurityExpressionHandler@5809fa26' of type [org.springframework.security.access.expression.method.DefaultMethodSecurityExpressionHandler] is not eligible for getting processed by all BeanPostProcessors (for example: not eligible for auto-proxying)
23:31:05.711 [main] INFO  o.s.c.s.PostProcessorRegistrationDelegate$BeanPostProcessorChecker - Bean 'methodSecurityMetadataSource' of type [org.springframework.security.access.method.DelegatingMethodSecurityMetadataSource] is not eligible for getting processed by all BeanPostProcessors (for example: not eligible for auto-proxying)
23:31:06.138 [main] INFO  o.s.b.w.e.tomcat.TomcatWebServer - Tomcat initialized with port(s): 12358 (http)
23:31:06.150 [main] INFO  o.a.coyote.http11.Http11NioProtocol - Initializing ProtocolHandler ["http-nio-12358"]
23:31:06.151 [main] INFO  o.a.catalina.core.StandardService - Starting service [Tomcat]
23:31:06.151 [main] INFO  o.a.catalina.core.StandardEngine - Starting Servlet engine: [Apache Tomcat/9.0.46]
23:31:06.313 [main] INFO  o.a.c.c.C.[Tomcat].[localhost].[/] - Initializing Spring embedded WebApplicationContext
23:31:06.314 [main] INFO  o.s.b.w.s.c.ServletWebServerApplicationContext - Root WebApplicationContext: initialization completed in 3012 ms
23:31:07.150 [main] INFO  s.d.s.w.PropertySourcedRequestMappingHandlerMapping - Mapped URL path [/v2/api-docs] onto method [springfox.documentation.swagger2.web.Swagger2Controller#getDocumentation(String, HttpServletRequest)]
23:31:07.497 [main] INFO  o.s.s.web.DefaultSecurityFilterChain - Will secure Ant [pattern='/css/**'] with []
23:31:07.497 [main] INFO  o.s.s.web.DefaultSecurityFilterChain - Will secure Ant [pattern='/js/**'] with []
23:31:07.550 [main] INFO  o.s.s.web.DefaultSecurityFilterChain - Will secure any request with [org.springframework.security.web.context.request.async.WebAsyncManagerIntegrationFilter@eb91027, org.springframework.security.web.context.SecurityContextPersistenceFilter@7c3c3d67, org.springframework.security.web.header.HeaderWriterFilter@32328dc4, org.springframework.security.web.authentication.logout.LogoutFilter@7bda01da, org.springframework.security.web.authentication.UsernamePasswordAuthenticationFilter@4e9e0c6, org.springframework.security.web.session.ConcurrentSessionFilter@77eb607e, org.springframework.security.web.savedrequest.RequestCacheAwareFilter@2b6fcca1, org.springframework.security.web.servletapi.SecurityContextHolderAwareRequestFilter@71d99732, org.springframework.security.web.authentication.AnonymousAuthenticationFilter@459d2ee6, org.springframework.security.web.session.SessionManagementFilter@21540255, org.springframework.security.web.access.ExceptionTranslationFilter@11bfd751, org.springframework.security.web.access.intercept.FilterSecurityInterceptor@4ef31221]
23:31:08.160 [main] INFO  com.zaxxer.hikari.HikariDataSource - HikariPool-1 - Starting...
23:31:08.616 [main] INFO  com.zaxxer.hikari.HikariDataSource - HikariPool-1 - Start completed.
23:31:08.845 [main] INFO  o.a.coyote.http11.Http11NioProtocol - Starting ProtocolHandler ["http-nio-12358"]
23:31:08.887 [main] INFO  o.s.b.w.e.tomcat.TomcatWebServer - Tomcat started on port(s): 12358 (http) with context path ''
23:31:08.890 [main] INFO  s.d.s.w.p.DocumentationPluginsBootstrapper - Context refreshed
23:31:08.935 [main] INFO  s.d.s.w.p.DocumentationPluginsBootstrapper - Found 1 custom documentation plugin(s)
23:31:09.003 [main] INFO  s.d.s.w.s.ApiListingReferenceScanner - Scanning for api listing references
23:31:09.402 [main] INFO  com.toys.acb.UserApplication - Started UserApplication in 8.453 seconds (JVM running for 11.325)
23:31:15.660 [http-nio-12358-exec-1] INFO  o.a.c.c.C.[Tomcat].[localhost].[/] - Initializing Spring DispatcherServlet 'dispatcherServlet'
23:31:15.660 [http-nio-12358-exec-1] INFO  o.s.web.servlet.DispatcherServlet - Initializing Servlet 'dispatcherServlet'
23:31:15.661 [http-nio-12358-exec-1] INFO  o.s.web.servlet.DispatcherServlet - Completed initialization in 1 ms
23:31:21.401 [http-nio-12358-exec-3] INFO  c.t.acb.service.impl.AuthServiceImpl - login success：username=Tom
23:31:21.402 [http-nio-12358-exec-3] INFO  c.toys.acb.controller.AuthController - 用户登录成功：Tom
23:31:25.829 [http-nio-12358-exec-5] INFO  c.t.acb.service.impl.AuthServiceImpl - login success：username=Tom
23:31:25.831 [http-nio-12358-exec-5] INFO  c.toys.acb.controller.AuthController - 用户登录成功：Tom
23:31:36.426 [http-nio-12358-exec-8] INFO  c.t.acb.service.impl.UserServiceImpl - getCurrentBillList: page=1, size=4, userId=1
23:31:44.411 [http-nio-12358-exec-9] INFO  c.t.acb.service.impl.AuthServiceImpl - login success：username=Tom
23:31:44.412 [http-nio-12358-exec-9] INFO  c.toys.acb.controller.AuthController - 用户登录成功：Tom
23:33:37.511 [background-preinit] INFO  o.h.validator.internal.util.Version - HV000001: Hibernate Validator 5.4.1.Final
23:33:37.521 [main] INFO  com.toys.acb.UserApplication - Starting UserApplication using Java 15.0.2 on DESKTOP-2D7JFDC with PID 8000 (F:\Program\java_work\ACB\acb_user\target\classes started by CKD in F:\Program\java_work\ACB)
23:33:37.522 [main] INFO  com.toys.acb.UserApplication - No active profile set, falling back to default profiles: default
23:33:38.773 [main] INFO  o.s.d.r.c.RepositoryConfigurationDelegate - Multiple Spring Data modules found, entering strict repository configuration mode!
23:33:38.775 [main] INFO  o.s.d.r.c.RepositoryConfigurationDelegate - Bootstrapping Spring Data Redis repositories in DEFAULT mode.
23:33:38.801 [main] INFO  o.s.d.r.c.RepositoryConfigurationDelegate - Finished Spring Data repository scanning in 13 ms. Found 0 Redis repository interfaces.
23:33:39.181 [main] INFO  o.s.c.s.PostProcessorRegistrationDelegate$BeanPostProcessorChecker - Bean 'org.springframework.security.access.expression.method.DefaultMethodSecurityExpressionHandler@590765c4' of type [org.springframework.security.access.expression.method.DefaultMethodSecurityExpressionHandler] is not eligible for getting processed by all BeanPostProcessors (for example: not eligible for auto-proxying)
23:33:39.199 [main] INFO  o.s.c.s.PostProcessorRegistrationDelegate$BeanPostProcessorChecker - Bean 'methodSecurityMetadataSource' of type [org.springframework.security.access.method.DelegatingMethodSecurityMetadataSource] is not eligible for getting processed by all BeanPostProcessors (for example: not eligible for auto-proxying)
23:33:39.578 [main] INFO  o.s.b.w.e.tomcat.TomcatWebServer - Tomcat initialized with port(s): 12358 (http)
23:33:39.596 [main] INFO  o.a.coyote.http11.Http11NioProtocol - Initializing ProtocolHandler ["http-nio-12358"]
23:33:39.596 [main] INFO  o.a.catalina.core.StandardService - Starting service [Tomcat]
23:33:39.598 [main] INFO  o.a.catalina.core.StandardEngine - Starting Servlet engine: [Apache Tomcat/9.0.46]
23:33:39.721 [main] INFO  o.a.c.c.C.[Tomcat].[localhost].[/] - Initializing Spring embedded WebApplicationContext
23:33:39.722 [main] INFO  o.s.b.w.s.c.ServletWebServerApplicationContext - Root WebApplicationContext: initialization completed in 2093 ms
23:33:40.426 [main] INFO  s.d.s.w.PropertySourcedRequestMappingHandlerMapping - Mapped URL path [/v2/api-docs] onto method [springfox.documentation.swagger2.web.Swagger2Controller#getDocumentation(String, HttpServletRequest)]
23:33:40.693 [main] INFO  o.s.s.web.DefaultSecurityFilterChain - Will secure Ant [pattern='/css/**'] with []
23:33:40.693 [main] INFO  o.s.s.web.DefaultSecurityFilterChain - Will secure Ant [pattern='/js/**'] with []
23:33:40.741 [main] INFO  o.s.s.web.DefaultSecurityFilterChain - Will secure any request with [org.springframework.security.web.context.request.async.WebAsyncManagerIntegrationFilter@15d58530, org.springframework.security.web.context.SecurityContextPersistenceFilter@be616f0, org.springframework.security.web.header.HeaderWriterFilter@62158991, org.springframework.security.web.authentication.logout.LogoutFilter@2152fde5, org.springframework.security.web.authentication.UsernamePasswordAuthenticationFilter@114b203, org.springframework.security.web.session.ConcurrentSessionFilter@35ceec81, org.springframework.security.web.savedrequest.RequestCacheAwareFilter@cf08c97, org.springframework.security.web.servletapi.SecurityContextHolderAwareRequestFilter@4b9f7edc, org.springframework.security.web.authentication.AnonymousAuthenticationFilter@31f5b923, org.springframework.security.web.session.SessionManagementFilter@1255de25, org.springframework.security.web.access.ExceptionTranslationFilter@336d28a1, org.springframework.security.web.access.intercept.FilterSecurityInterceptor@380fdcf2]
23:33:41.232 [main] INFO  com.zaxxer.hikari.HikariDataSource - HikariPool-1 - Starting...
23:33:41.512 [main] INFO  com.zaxxer.hikari.HikariDataSource - HikariPool-1 - Start completed.
23:33:41.661 [main] INFO  o.a.coyote.http11.Http11NioProtocol - Starting ProtocolHandler ["http-nio-12358"]
23:33:41.693 [main] INFO  o.s.b.w.e.tomcat.TomcatWebServer - Tomcat started on port(s): 12358 (http) with context path ''
23:33:41.694 [main] INFO  s.d.s.w.p.DocumentationPluginsBootstrapper - Context refreshed
23:33:41.712 [main] INFO  s.d.s.w.p.DocumentationPluginsBootstrapper - Found 1 custom documentation plugin(s)
23:33:41.756 [main] INFO  s.d.s.w.s.ApiListingReferenceScanner - Scanning for api listing references
23:33:42.005 [main] INFO  com.toys.acb.UserApplication - Started UserApplication in 5.316 seconds (JVM running for 6.875)
23:33:46.963 [http-nio-12358-exec-1] INFO  o.a.c.c.C.[Tomcat].[localhost].[/] - Initializing Spring DispatcherServlet 'dispatcherServlet'
23:33:46.963 [http-nio-12358-exec-1] INFO  o.s.web.servlet.DispatcherServlet - Initializing Servlet 'dispatcherServlet'
23:33:46.965 [http-nio-12358-exec-1] INFO  o.s.web.servlet.DispatcherServlet - Completed initialization in 1 ms
23:33:47.366 [http-nio-12358-exec-1] INFO  c.t.acb.service.impl.AuthServiceImpl - login success：username=Tom
23:33:47.406 [http-nio-12358-exec-1] INFO  com.toys.acb.component.SessionUtil - 用户登录成功，记录session：Tom
23:33:47.407 [http-nio-12358-exec-1] INFO  c.toys.acb.controller.AuthController - 用户登录成功：Tom
23:33:58.376 [http-nio-12358-exec-4] INFO  c.t.acb.service.impl.AuthServiceImpl - login success：username=Tom
23:33:58.377 [http-nio-12358-exec-4] INFO  com.toys.acb.component.SessionUtil - 用户被挤占下线：Tom
23:33:58.377 [http-nio-12358-exec-4] INFO  com.toys.acb.component.SessionUtil - 用户登录成功，记录session：Tom
23:33:58.377 [http-nio-12358-exec-4] INFO  c.toys.acb.controller.AuthController - 用户登录成功：Tom
23:34:47.470 [http-nio-12358-exec-6] INFO  c.t.acb.service.impl.UserServiceImpl - getCurrentBillList: page=1, size=4, userId=1
23:35:05.730 [background-preinit] INFO  o.h.validator.internal.util.Version - HV000001: Hibernate Validator 5.4.1.Final
23:35:05.741 [main] INFO  com.toys.acb.UserApplication - Starting UserApplication using Java 15.0.2 on DESKTOP-2D7JFDC with PID 2340 (F:\Program\java_work\ACB\acb_user\target\classes started by CKD in F:\Program\java_work\ACB)
23:35:05.745 [main] INFO  com.toys.acb.UserApplication - No active profile set, falling back to default profiles: default
23:35:06.867 [main] INFO  o.s.d.r.c.RepositoryConfigurationDelegate - Multiple Spring Data modules found, entering strict repository configuration mode!
23:35:06.869 [main] INFO  o.s.d.r.c.RepositoryConfigurationDelegate - Bootstrapping Spring Data Redis repositories in DEFAULT mode.
23:35:06.895 [main] INFO  o.s.d.r.c.RepositoryConfigurationDelegate - Finished Spring Data repository scanning in 12 ms. Found 0 Redis repository interfaces.
23:35:07.253 [main] INFO  o.s.c.s.PostProcessorRegistrationDelegate$BeanPostProcessorChecker - Bean 'org.springframework.security.access.expression.method.DefaultMethodSecurityExpressionHandler@2d5a1588' of type [org.springframework.security.access.expression.method.DefaultMethodSecurityExpressionHandler] is not eligible for getting processed by all BeanPostProcessors (for example: not eligible for auto-proxying)
23:35:07.258 [main] INFO  o.s.c.s.PostProcessorRegistrationDelegate$BeanPostProcessorChecker - Bean 'methodSecurityMetadataSource' of type [org.springframework.security.access.method.DelegatingMethodSecurityMetadataSource] is not eligible for getting processed by all BeanPostProcessors (for example: not eligible for auto-proxying)
23:35:07.496 [main] INFO  o.s.b.w.e.tomcat.TomcatWebServer - Tomcat initialized with port(s): 12358 (http)
23:35:07.506 [main] INFO  o.a.coyote.http11.Http11NioProtocol - Initializing ProtocolHandler ["http-nio-12358"]
23:35:07.506 [main] INFO  o.a.catalina.core.StandardService - Starting service [Tomcat]
23:35:07.507 [main] INFO  o.a.catalina.core.StandardEngine - Starting Servlet engine: [Apache Tomcat/9.0.46]
23:35:07.625 [main] INFO  o.a.c.c.C.[Tomcat].[localhost].[/] - Initializing Spring embedded WebApplicationContext
23:35:07.625 [main] INFO  o.s.b.w.s.c.ServletWebServerApplicationContext - Root WebApplicationContext: initialization completed in 1808 ms
23:35:08.310 [main] INFO  s.d.s.w.PropertySourcedRequestMappingHandlerMapping - Mapped URL path [/v2/api-docs] onto method [springfox.documentation.swagger2.web.Swagger2Controller#getDocumentation(String, HttpServletRequest)]
23:35:08.568 [main] INFO  o.s.s.web.DefaultSecurityFilterChain - Will secure Ant [pattern='/css/**'] with []
23:35:08.568 [main] INFO  o.s.s.web.DefaultSecurityFilterChain - Will secure Ant [pattern='/js/**'] with []
23:35:08.614 [main] INFO  o.s.s.web.DefaultSecurityFilterChain - Will secure any request with [org.springframework.security.web.context.request.async.WebAsyncManagerIntegrationFilter@734cf881, org.springframework.security.web.context.SecurityContextPersistenceFilter@37c87fcc, org.springframework.security.web.header.HeaderWriterFilter@1686ed85, org.springframework.security.web.authentication.logout.LogoutFilter@17df689e, org.springframework.security.web.authentication.UsernamePasswordAuthenticationFilter@15d58530, org.springframework.security.web.session.ConcurrentSessionFilter@498e41a4, org.springframework.security.web.savedrequest.RequestCacheAwareFilter@78f5cbc5, org.springframework.security.web.servletapi.SecurityContextHolderAwareRequestFilter@22c29aa8, org.springframework.security.web.authentication.AnonymousAuthenticationFilter@4a890fdd, org.springframework.security.web.session.SessionManagementFilter@4fc3529, org.springframework.security.web.access.ExceptionTranslationFilter@38e7860c, org.springframework.security.web.access.intercept.FilterSecurityInterceptor@537b3be1]
23:35:09.073 [main] INFO  com.zaxxer.hikari.HikariDataSource - HikariPool-1 - Starting...
23:35:09.350 [main] INFO  com.zaxxer.hikari.HikariDataSource - HikariPool-1 - Start completed.
23:35:09.503 [main] INFO  o.a.coyote.http11.Http11NioProtocol - Starting ProtocolHandler ["http-nio-12358"]
23:35:09.527 [main] INFO  o.s.b.w.e.tomcat.TomcatWebServer - Tomcat started on port(s): 12358 (http) with context path ''
23:35:09.528 [main] INFO  s.d.s.w.p.DocumentationPluginsBootstrapper - Context refreshed
23:35:09.550 [main] INFO  s.d.s.w.p.DocumentationPluginsBootstrapper - Found 1 custom documentation plugin(s)
23:35:09.591 [main] INFO  s.d.s.w.s.ApiListingReferenceScanner - Scanning for api listing references
23:35:09.847 [main] INFO  com.toys.acb.UserApplication - Started UserApplication in 4.819 seconds (JVM running for 6.272)
23:35:18.421 [http-nio-12358-exec-1] INFO  o.a.c.c.C.[Tomcat].[localhost].[/] - Initializing Spring DispatcherServlet 'dispatcherServlet'
23:35:18.421 [http-nio-12358-exec-1] INFO  o.s.web.servlet.DispatcherServlet - Initializing Servlet 'dispatcherServlet'
23:35:18.422 [http-nio-12358-exec-1] INFO  o.s.web.servlet.DispatcherServlet - Completed initialization in 1 ms
23:35:25.093 [http-nio-12358-exec-3] INFO  c.t.acb.service.impl.AuthServiceImpl - login success：username=Tom
23:35:25.094 [http-nio-12358-exec-3] INFO  com.toys.acb.component.SessionUtil - 用户登录成功：username=Tom, sessionId=DC215007565B596A92C5CA41BFE12E1D
23:35:25.094 [http-nio-12358-exec-3] INFO  c.toys.acb.controller.AuthController - 用户登录成功：Tom
23:35:31.184 [http-nio-12358-exec-5] INFO  c.t.acb.service.impl.AuthServiceImpl - login success：username=Tom
23:35:31.185 [http-nio-12358-exec-5] INFO  com.toys.acb.component.SessionUtil - 用户被挤占下线：sessionId=DC215007565B596A92C5CA41BFE12E1D
23:35:31.185 [http-nio-12358-exec-5] INFO  com.toys.acb.component.SessionUtil - 用户登录成功：username=Tom, sessionId=EB2D1F32740DBDA155310D579B60BDC7
23:35:31.186 [http-nio-12358-exec-5] INFO  c.toys.acb.controller.AuthController - 用户登录成功：Tom
23:37:51.168 [background-preinit] INFO  o.h.validator.internal.util.Version - HV000001: Hibernate Validator 5.4.1.Final
23:37:51.170 [main] INFO  com.toys.acb.UserApplication - Starting UserApplication using Java 15.0.2 on DESKTOP-2D7JFDC with PID 10476 (F:\Program\java_work\ACB\acb_user\target\classes started by CKD in F:\Program\java_work\ACB)
23:37:51.172 [main] INFO  com.toys.acb.UserApplication - No active profile set, falling back to default profiles: default
23:37:52.422 [main] INFO  o.s.d.r.c.RepositoryConfigurationDelegate - Multiple Spring Data modules found, entering strict repository configuration mode!
23:37:52.424 [main] INFO  o.s.d.r.c.RepositoryConfigurationDelegate - Bootstrapping Spring Data Redis repositories in DEFAULT mode.
23:37:52.455 [main] INFO  o.s.d.r.c.RepositoryConfigurationDelegate - Finished Spring Data repository scanning in 17 ms. Found 0 Redis repository interfaces.
23:37:52.825 [main] INFO  o.s.c.s.PostProcessorRegistrationDelegate$BeanPostProcessorChecker - Bean 'org.springframework.security.access.expression.method.DefaultMethodSecurityExpressionHandler@4d705112' of type [org.springframework.security.access.expression.method.DefaultMethodSecurityExpressionHandler] is not eligible for getting processed by all BeanPostProcessors (for example: not eligible for auto-proxying)
23:37:52.833 [main] INFO  o.s.c.s.PostProcessorRegistrationDelegate$BeanPostProcessorChecker - Bean 'methodSecurityMetadataSource' of type [org.springframework.security.access.method.DelegatingMethodSecurityMetadataSource] is not eligible for getting processed by all BeanPostProcessors (for example: not eligible for auto-proxying)
23:37:53.075 [main] INFO  o.s.b.w.e.tomcat.TomcatWebServer - Tomcat initialized with port(s): 12358 (http)
23:37:53.084 [main] INFO  o.a.coyote.http11.Http11NioProtocol - Initializing ProtocolHandler ["http-nio-12358"]
23:37:53.085 [main] INFO  o.a.catalina.core.StandardService - Starting service [Tomcat]
23:37:53.085 [main] INFO  o.a.catalina.core.StandardEngine - Starting Servlet engine: [Apache Tomcat/9.0.46]
23:37:53.201 [main] INFO  o.a.c.c.C.[Tomcat].[localhost].[/] - Initializing Spring embedded WebApplicationContext
23:37:53.201 [main] INFO  o.s.b.w.s.c.ServletWebServerApplicationContext - Root WebApplicationContext: initialization completed in 1964 ms
23:37:53.861 [main] INFO  s.d.s.w.PropertySourcedRequestMappingHandlerMapping - Mapped URL path [/v2/api-docs] onto method [springfox.documentation.swagger2.web.Swagger2Controller#getDocumentation(String, HttpServletRequest)]
23:37:54.113 [main] INFO  o.s.s.web.DefaultSecurityFilterChain - Will secure Ant [pattern='/css/**'] with []
23:37:54.114 [main] INFO  o.s.s.web.DefaultSecurityFilterChain - Will secure Ant [pattern='/js/**'] with []
23:37:54.152 [main] INFO  o.s.s.web.DefaultSecurityFilterChain - Will secure any request with [org.springframework.security.web.context.request.async.WebAsyncManagerIntegrationFilter@3c3ab672, org.springframework.security.web.context.SecurityContextPersistenceFilter@6906be0f, org.springframework.security.web.header.HeaderWriterFilter@e706aa, org.springframework.security.web.authentication.logout.LogoutFilter@738a39cc, org.springframework.security.web.authentication.UsernamePasswordAuthenticationFilter@713e7d9a, org.springframework.security.web.savedrequest.RequestCacheAwareFilter@edbc2bf, org.springframework.security.web.servletapi.SecurityContextHolderAwareRequestFilter@52d63b7e, org.springframework.security.web.authentication.AnonymousAuthenticationFilter@3e6acec2, org.springframework.security.web.session.SessionManagementFilter@16fc5622, org.springframework.security.web.access.ExceptionTranslationFilter@3a709cc7, org.springframework.security.web.access.intercept.FilterSecurityInterceptor@70f98f7a]
23:37:54.616 [main] INFO  com.zaxxer.hikari.HikariDataSource - HikariPool-1 - Starting...
23:37:54.884 [main] INFO  com.zaxxer.hikari.HikariDataSource - HikariPool-1 - Start completed.
23:37:55.025 [main] INFO  o.a.coyote.http11.Http11NioProtocol - Starting ProtocolHandler ["http-nio-12358"]
23:37:55.054 [main] INFO  o.s.b.w.e.tomcat.TomcatWebServer - Tomcat started on port(s): 12358 (http) with context path ''
23:37:55.055 [main] INFO  s.d.s.w.p.DocumentationPluginsBootstrapper - Context refreshed
23:37:55.084 [main] INFO  s.d.s.w.p.DocumentationPluginsBootstrapper - Found 1 custom documentation plugin(s)
23:37:55.129 [main] INFO  s.d.s.w.s.ApiListingReferenceScanner - Scanning for api listing references
23:37:55.393 [main] INFO  com.toys.acb.UserApplication - Started UserApplication in 4.934 seconds (JVM running for 6.633)
23:37:57.525 [http-nio-12358-exec-1] INFO  o.a.c.c.C.[Tomcat].[localhost].[/] - Initializing Spring DispatcherServlet 'dispatcherServlet'
23:37:57.525 [http-nio-12358-exec-1] INFO  o.s.web.servlet.DispatcherServlet - Initializing Servlet 'dispatcherServlet'
23:37:57.526 [http-nio-12358-exec-1] INFO  o.s.web.servlet.DispatcherServlet - Completed initialization in 1 ms
23:37:57.918 [http-nio-12358-exec-1] INFO  c.t.acb.service.impl.AuthServiceImpl - login success：username=Tom
23:37:57.960 [http-nio-12358-exec-1] INFO  com.toys.acb.component.SessionUtil - 用户登录成功：username=Tom, sessionId=C98646F56AA65F2BE9C0DA8ECD30D22C
23:37:57.960 [http-nio-12358-exec-1] INFO  c.toys.acb.controller.AuthController - 用户登录成功：Tom
23:38:03.677 [http-nio-12358-exec-2] INFO  c.t.acb.service.impl.AuthServiceImpl - login success：username=Tom
23:38:03.678 [http-nio-12358-exec-2] INFO  com.toys.acb.component.SessionUtil - 用户被挤占下线：sessionId=C98646F56AA65F2BE9C0DA8ECD30D22C
23:38:03.678 [http-nio-12358-exec-2] INFO  com.toys.acb.component.SessionUtil - 用户登录成功：username=Tom, sessionId=93D047C6537B0E509993440C999957EC
23:38:03.678 [http-nio-12358-exec-2] INFO  c.toys.acb.controller.AuthController - 用户登录成功：Tom
23:38:14.979 [http-nio-12358-exec-6] INFO  c.t.acb.service.impl.AuthServiceImpl - login success：username=Tom
23:38:14.980 [http-nio-12358-exec-6] INFO  com.toys.acb.component.SessionUtil - 用户被挤占下线：sessionId=93D047C6537B0E509993440C999957EC
23:38:14.980 [http-nio-12358-exec-6] INFO  com.toys.acb.component.SessionUtil - 用户登录成功：username=Tom, sessionId=8081F34F0E3219280A7D997617F050FB
23:38:14.980 [http-nio-12358-exec-6] INFO  c.toys.acb.controller.AuthController - 用户登录成功：Tom
