01:00:28.033 [background-preinit] INFO  o.h.validator.internal.util.Version - HV000001: Hibernate Validator 5.4.1.Final
01:00:28.037 [main] INFO  com.toys.acb.UserApplication - Starting UserApplication using Java 15.0.2 on DESKTOP-2D7JFDC with PID 14640 (F:\Program\java_work\ACB\acb_user\target\classes started by CKD in F:\Program\java_work\ACB)
01:00:28.038 [main] INFO  com.toys.acb.UserApplication - No active profile set, falling back to default profiles: default
01:00:29.767 [main] INFO  o.s.d.r.c.RepositoryConfigurationDelegate - Multiple Spring Data modules found, entering strict repository configuration mode!
01:00:29.772 [main] INFO  o.s.d.r.c.RepositoryConfigurationDelegate - Bootstrapping Spring Data Redis repositories in DEFAULT mode.
01:00:29.808 [main] INFO  o.s.d.r.c.RepositoryConfigurationDelegate - Finished Spring Data repository scanning in 19 ms. Found 0 Redis repository interfaces.
01:00:30.466 [main] INFO  o.s.c.s.PostProcessorRegistrationDelegate$BeanPostProcessorChecker - Bean 'org.springframework.security.access.expression.method.DefaultMethodSecurityExpressionHandler@1f736d00' of type [org.springframework.security.access.expression.method.DefaultMethodSecurityExpressionHandler] is not eligible for getting processed by all BeanPostProcessors (for example: not eligible for auto-proxying)
01:00:30.477 [main] INFO  o.s.c.s.PostProcessorRegistrationDelegate$BeanPostProcessorChecker - Bean 'methodSecurityMetadataSource' of type [org.springframework.security.access.method.DelegatingMethodSecurityMetadataSource] is not eligible for getting processed by all BeanPostProcessors (for example: not eligible for auto-proxying)
01:00:30.782 [main] INFO  o.s.b.w.e.tomcat.TomcatWebServer - Tomcat initialized with port(s): 12358 (http)
01:00:30.790 [main] INFO  o.a.coyote.http11.Http11NioProtocol - Initializing ProtocolHandler ["http-nio-12358"]
01:00:30.791 [main] INFO  o.a.catalina.core.StandardService - Starting service [Tomcat]
01:00:30.791 [main] INFO  o.a.catalina.core.StandardEngine - Starting Servlet engine: [Apache Tomcat/9.0.46]
01:00:30.935 [main] INFO  o.a.c.c.C.[Tomcat].[localhost].[/] - Initializing Spring embedded WebApplicationContext
01:00:30.936 [main] INFO  o.s.b.w.s.c.ServletWebServerApplicationContext - Root WebApplicationContext: initialization completed in 2819 ms
01:00:30.991 [main] WARN  o.s.b.w.s.c.AnnotationConfigServletWebServerApplicationContext - Exception encountered during context initialization - cancelling refresh attempt: org.springframework.beans.factory.UnsatisfiedDependencyException: Error creating bean with name 'myConcurrentSessionControlAuthenticationStrategy' defined in file [F:\Program\java_work\ACB\acb_user\target\classes\com\toys\acb\component\MyConcurrentSessionControlAuthenticationStrategy.class]: Unsatisfied dependency expressed through constructor parameter 0; nested exception is org.springframework.beans.factory.NoSuchBeanDefinitionException: No qualifying bean of type 'org.springframework.security.core.session.SessionRegistry' available: expected at least 1 bean which qualifies as autowire candidate. Dependency annotations: {}
01:00:30.995 [main] INFO  o.a.catalina.core.StandardService - Stopping service [Tomcat]
01:00:31.015 [main] INFO  o.s.b.a.l.ConditionEvaluationReportLoggingListener - 

Error starting ApplicationContext. To display the conditions report re-run your application with 'debug' enabled.
01:00:31.046 [main] ERROR o.s.b.d.LoggingFailureAnalysisReporter - 

***************************
APPLICATION FAILED TO START
***************************

Description:

Parameter 0 of constructor in com.toys.acb.component.MyConcurrentSessionControlAuthenticationStrategy required a bean of type 'org.springframework.security.core.session.SessionRegistry' that could not be found.


Action:

Consider defining a bean of type 'org.springframework.security.core.session.SessionRegistry' in your configuration.

01:03:09.820 [background-preinit] INFO  o.h.validator.internal.util.Version - HV000001: Hibernate Validator 5.4.1.Final
01:03:09.824 [main] INFO  com.toys.acb.UserApplication - Starting UserApplication using Java 15.0.2 on DESKTOP-2D7JFDC with PID 13900 (F:\Program\java_work\ACB\acb_user\target\classes started by CKD in F:\Program\java_work\ACB)
01:03:09.825 [main] INFO  com.toys.acb.UserApplication - No active profile set, falling back to default profiles: default
01:03:11.118 [main] INFO  o.s.d.r.c.RepositoryConfigurationDelegate - Multiple Spring Data modules found, entering strict repository configuration mode!
01:03:11.121 [main] INFO  o.s.d.r.c.RepositoryConfigurationDelegate - Bootstrapping Spring Data Redis repositories in DEFAULT mode.
01:03:11.155 [main] INFO  o.s.d.r.c.RepositoryConfigurationDelegate - Finished Spring Data repository scanning in 17 ms. Found 0 Redis repository interfaces.
01:03:11.643 [main] INFO  o.s.c.s.PostProcessorRegistrationDelegate$BeanPostProcessorChecker - Bean 'org.springframework.security.access.expression.method.DefaultMethodSecurityExpressionHandler@52d3fafd' of type [org.springframework.security.access.expression.method.DefaultMethodSecurityExpressionHandler] is not eligible for getting processed by all BeanPostProcessors (for example: not eligible for auto-proxying)
01:03:11.650 [main] INFO  o.s.c.s.PostProcessorRegistrationDelegate$BeanPostProcessorChecker - Bean 'methodSecurityMetadataSource' of type [org.springframework.security.access.method.DelegatingMethodSecurityMetadataSource] is not eligible for getting processed by all BeanPostProcessors (for example: not eligible for auto-proxying)
01:03:11.909 [main] INFO  o.s.b.w.e.tomcat.TomcatWebServer - Tomcat initialized with port(s): 12358 (http)
01:03:11.920 [main] INFO  o.a.coyote.http11.Http11NioProtocol - Initializing ProtocolHandler ["http-nio-12358"]
01:03:11.921 [main] INFO  o.a.catalina.core.StandardService - Starting service [Tomcat]
01:03:11.921 [main] INFO  o.a.catalina.core.StandardEngine - Starting Servlet engine: [Apache Tomcat/9.0.46]
01:03:12.048 [main] INFO  o.a.c.c.C.[Tomcat].[localhost].[/] - Initializing Spring embedded WebApplicationContext
01:03:12.048 [main] INFO  o.s.b.w.s.c.ServletWebServerApplicationContext - Root WebApplicationContext: initialization completed in 2158 ms
01:03:12.128 [main] WARN  o.s.b.w.s.c.AnnotationConfigServletWebServerApplicationContext - Exception encountered during context initialization - cancelling refresh attempt: org.springframework.beans.factory.UnsatisfiedDependencyException: Error creating bean with name 'myConcurrentSessionControlAuthenticationStrategy' defined in file [F:\Program\java_work\ACB\acb_user\target\classes\com\toys\acb\component\MyConcurrentSessionControlAuthenticationStrategy.class]: Unsatisfied dependency expressed through constructor parameter 0; nested exception is org.springframework.beans.factory.NoSuchBeanDefinitionException: No qualifying bean of type 'org.springframework.security.core.session.SessionRegistry' available: expected at least 1 bean which qualifies as autowire candidate. Dependency annotations: {}
01:03:12.132 [main] INFO  o.a.catalina.core.StandardService - Stopping service [Tomcat]
01:03:12.152 [main] INFO  o.s.b.a.l.ConditionEvaluationReportLoggingListener - 

Error starting ApplicationContext. To display the conditions report re-run your application with 'debug' enabled.
01:03:12.179 [main] ERROR o.s.b.d.LoggingFailureAnalysisReporter - 

***************************
APPLICATION FAILED TO START
***************************

Description:

Parameter 0 of constructor in com.toys.acb.component.MyConcurrentSessionControlAuthenticationStrategy required a bean of type 'org.springframework.security.core.session.SessionRegistry' that could not be found.


Action:

Consider defining a bean of type 'org.springframework.security.core.session.SessionRegistry' in your configuration.

01:03:54.449 [background-preinit] INFO  o.h.validator.internal.util.Version - HV000001: Hibernate Validator 5.4.1.Final
01:03:54.460 [main] INFO  com.toys.acb.UserApplication - Starting UserApplication using Java 15.0.2 on DESKTOP-2D7JFDC with PID 8392 (F:\Program\java_work\ACB\acb_user\target\classes started by CKD in F:\Program\java_work\ACB)
01:03:54.461 [main] INFO  com.toys.acb.UserApplication - No active profile set, falling back to default profiles: default
01:03:55.661 [main] INFO  o.s.d.r.c.RepositoryConfigurationDelegate - Multiple Spring Data modules found, entering strict repository configuration mode!
01:03:55.663 [main] INFO  o.s.d.r.c.RepositoryConfigurationDelegate - Bootstrapping Spring Data Redis repositories in DEFAULT mode.
01:03:55.698 [main] INFO  o.s.d.r.c.RepositoryConfigurationDelegate - Finished Spring Data repository scanning in 17 ms. Found 0 Redis repository interfaces.
01:03:56.107 [main] INFO  o.s.c.s.PostProcessorRegistrationDelegate$BeanPostProcessorChecker - Bean 'org.springframework.security.access.expression.method.DefaultMethodSecurityExpressionHandler@78b7f805' of type [org.springframework.security.access.expression.method.DefaultMethodSecurityExpressionHandler] is not eligible for getting processed by all BeanPostProcessors (for example: not eligible for auto-proxying)
01:03:56.115 [main] INFO  o.s.c.s.PostProcessorRegistrationDelegate$BeanPostProcessorChecker - Bean 'methodSecurityMetadataSource' of type [org.springframework.security.access.method.DelegatingMethodSecurityMetadataSource] is not eligible for getting processed by all BeanPostProcessors (for example: not eligible for auto-proxying)
01:03:56.382 [main] INFO  o.s.b.w.e.tomcat.TomcatWebServer - Tomcat initialized with port(s): 12358 (http)
01:03:56.390 [main] INFO  o.a.coyote.http11.Http11NioProtocol - Initializing ProtocolHandler ["http-nio-12358"]
01:03:56.391 [main] INFO  o.a.catalina.core.StandardService - Starting service [Tomcat]
01:03:56.391 [main] INFO  o.a.catalina.core.StandardEngine - Starting Servlet engine: [Apache Tomcat/9.0.46]
01:03:56.554 [main] INFO  o.a.c.c.C.[Tomcat].[localhost].[/] - Initializing Spring embedded WebApplicationContext
01:03:56.554 [main] INFO  o.s.b.w.s.c.ServletWebServerApplicationContext - Root WebApplicationContext: initialization completed in 2038 ms
01:03:56.924 [main] WARN  o.s.b.w.s.c.AnnotationConfigServletWebServerApplicationContext - Exception encountered during context initialization - cancelling refresh attempt: org.springframework.beans.factory.UnsatisfiedDependencyException: Error creating bean with name 'webSecurityConfig': Unsatisfied dependency expressed through field 'sessionAuthenticationStrategy'; nested exception is org.springframework.beans.factory.BeanCreationException: Error creating bean with name 'sessionAuthenticationStrategy' defined in class path resource [com/toys/acb/config/WebSecurityConfig.class]: Bean instantiation via factory method failed; nested exception is org.springframework.beans.BeanInstantiationException: Failed to instantiate [org.springframework.security.web.authentication.session.SessionAuthenticationStrategy]: Circular reference involving containing bean 'webSecurityConfig' - consider declaring the factory method as static for independence from its containing instance. Factory method 'sessionAuthenticationStrategy' threw exception; nested exception is java.lang.NullPointerException: Cannot invoke "org.springframework.security.context.DelegatingApplicationListener.addListener(org.springframework.context.event.SmartApplicationListener)" because "this.delegatingApplicationListener" is null
01:03:56.927 [main] INFO  o.a.catalina.core.StandardService - Stopping service [Tomcat]
01:03:56.938 [main] INFO  o.s.b.a.l.ConditionEvaluationReportLoggingListener - 

Error starting ApplicationContext. To display the conditions report re-run your application with 'debug' enabled.
01:03:56.958 [main] ERROR o.s.boot.SpringApplication - Application run failed
org.springframework.beans.factory.UnsatisfiedDependencyException: Error creating bean with name 'webSecurityConfig': Unsatisfied dependency expressed through field 'sessionAuthenticationStrategy'; nested exception is org.springframework.beans.factory.BeanCreationException: Error creating bean with name 'sessionAuthenticationStrategy' defined in class path resource [com/toys/acb/config/WebSecurityConfig.class]: Bean instantiation via factory method failed; nested exception is org.springframework.beans.BeanInstantiationException: Failed to instantiate [org.springframework.security.web.authentication.session.SessionAuthenticationStrategy]: Circular reference involving containing bean 'webSecurityConfig' - consider declaring the factory method as static for independence from its containing instance. Factory method 'sessionAuthenticationStrategy' threw exception; nested exception is java.lang.NullPointerException: Cannot invoke "org.springframework.security.context.DelegatingApplicationListener.addListener(org.springframework.context.event.SmartApplicationListener)" because "this.delegatingApplicationListener" is null
	at org.springframework.beans.factory.annotation.AutowiredAnnotationBeanPostProcessor$AutowiredFieldElement.resolveFieldValue(AutowiredAnnotationBeanPostProcessor.java:660)
	at org.springframework.beans.factory.annotation.AutowiredAnnotationBeanPostProcessor$AutowiredFieldElement.inject(AutowiredAnnotationBeanPostProcessor.java:640)
	at org.springframework.beans.factory.annotation.InjectionMetadata.inject(InjectionMetadata.java:119)
	at org.springframework.beans.factory.annotation.AutowiredAnnotationBeanPostProcessor.postProcessProperties(AutowiredAnnotationBeanPostProcessor.java:399)
	at org.springframework.beans.factory.support.AbstractAutowireCapableBeanFactory.populateBean(AbstractAutowireCapableBeanFactory.java:1413)
	at org.springframework.beans.factory.support.AbstractAutowireCapableBeanFactory.doCreateBean(AbstractAutowireCapableBeanFactory.java:601)
	at org.springframework.beans.factory.support.AbstractAutowireCapableBeanFactory.createBean(AbstractAutowireCapableBeanFactory.java:524)
	at org.springframework.beans.factory.support.AbstractBeanFactory.lambda$doGetBean$0(AbstractBeanFactory.java:335)
	at org.springframework.beans.factory.support.DefaultSingletonBeanRegistry.getSingleton(DefaultSingletonBeanRegistry.java:234)
	at org.springframework.beans.factory.support.AbstractBeanFactory.doGetBean(AbstractBeanFactory.java:333)
	at org.springframework.beans.factory.support.AbstractBeanFactory.getBean(AbstractBeanFactory.java:208)
	at org.springframework.beans.factory.support.DefaultListableBeanFactory.preInstantiateSingletons(DefaultListableBeanFactory.java:944)
	at org.springframework.context.support.AbstractApplicationContext.finishBeanFactoryInitialization(AbstractApplicationContext.java:918)
	at org.springframework.context.support.AbstractApplicationContext.refresh(AbstractApplicationContext.java:583)
	at org.springframework.boot.web.servlet.context.ServletWebServerApplicationContext.refresh(ServletWebServerApplicationContext.java:145)
	at org.springframework.boot.SpringApplication.refresh(SpringApplication.java:754)
	at org.springframework.boot.SpringApplication.refreshContext(SpringApplication.java:434)
	at org.springframework.boot.SpringApplication.run(SpringApplication.java:338)
	at org.springframework.boot.SpringApplication.run(SpringApplication.java:1343)
	at org.springframework.boot.SpringApplication.run(SpringApplication.java:1332)
	at com.toys.acb.UserApplication.main(UserApplication.java:12)
Caused by: org.springframework.beans.factory.BeanCreationException: Error creating bean with name 'sessionAuthenticationStrategy' defined in class path resource [com/toys/acb/config/WebSecurityConfig.class]: Bean instantiation via factory method failed; nested exception is org.springframework.beans.BeanInstantiationException: Failed to instantiate [org.springframework.security.web.authentication.session.SessionAuthenticationStrategy]: Circular reference involving containing bean 'webSecurityConfig' - consider declaring the factory method as static for independence from its containing instance. Factory method 'sessionAuthenticationStrategy' threw exception; nested exception is java.lang.NullPointerException: Cannot invoke "org.springframework.security.context.DelegatingApplicationListener.addListener(org.springframework.context.event.SmartApplicationListener)" because "this.delegatingApplicationListener" is null
	at org.springframework.beans.factory.support.ConstructorResolver.instantiate(ConstructorResolver.java:658)
	at org.springframework.beans.factory.support.ConstructorResolver.instantiateUsingFactoryMethod(ConstructorResolver.java:486)
	at org.springframework.beans.factory.support.AbstractAutowireCapableBeanFactory.instantiateUsingFactoryMethod(AbstractAutowireCapableBeanFactory.java:1334)
	at org.springframework.beans.factory.support.AbstractAutowireCapableBeanFactory.createBeanInstance(AbstractAutowireCapableBeanFactory.java:1177)
	at org.springframework.beans.factory.support.AbstractAutowireCapableBeanFactory.doCreateBean(AbstractAutowireCapableBeanFactory.java:564)
	at org.springframework.beans.factory.support.AbstractAutowireCapableBeanFactory.createBean(AbstractAutowireCapableBeanFactory.java:524)
	at org.springframework.beans.factory.support.AbstractBeanFactory.lambda$doGetBean$0(AbstractBeanFactory.java:335)
	at org.springframework.beans.factory.support.DefaultSingletonBeanRegistry.getSingleton(DefaultSingletonBeanRegistry.java:234)
	at org.springframework.beans.factory.support.AbstractBeanFactory.doGetBean(AbstractBeanFactory.java:333)
	at org.springframework.beans.factory.support.AbstractBeanFactory.getBean(AbstractBeanFactory.java:208)
	at org.springframework.beans.factory.config.DependencyDescriptor.resolveCandidate(DependencyDescriptor.java:276)
	at org.springframework.beans.factory.support.DefaultListableBeanFactory.doResolveDependency(DefaultListableBeanFactory.java:1380)
	at org.springframework.beans.factory.support.DefaultListableBeanFactory.resolveDependency(DefaultListableBeanFactory.java:1300)
	at org.springframework.beans.factory.annotation.AutowiredAnnotationBeanPostProcessor$AutowiredFieldElement.resolveFieldValue(AutowiredAnnotationBeanPostProcessor.java:657)
	... 20 common frames omitted
Caused by: org.springframework.beans.BeanInstantiationException: Failed to instantiate [org.springframework.security.web.authentication.session.SessionAuthenticationStrategy]: Circular reference involving containing bean 'webSecurityConfig' - consider declaring the factory method as static for independence from its containing instance. Factory method 'sessionAuthenticationStrategy' threw exception; nested exception is java.lang.NullPointerException: Cannot invoke "org.springframework.security.context.DelegatingApplicationListener.addListener(org.springframework.context.event.SmartApplicationListener)" because "this.delegatingApplicationListener" is null
	at org.springframework.beans.factory.support.SimpleInstantiationStrategy.instantiate(SimpleInstantiationStrategy.java:185)
	at org.springframework.beans.factory.support.ConstructorResolver.instantiate(ConstructorResolver.java:653)
	... 33 common frames omitted
Caused by: java.lang.NullPointerException: Cannot invoke "org.springframework.security.context.DelegatingApplicationListener.addListener(org.springframework.context.event.SmartApplicationListener)" because "this.delegatingApplicationListener" is null
	at com.toys.acb.config.WebSecurityConfig.sessionAuthenticationStrategy(WebSecurityConfig.java:34)
	at com.toys.acb.config.WebSecurityConfig$$EnhancerBySpringCGLIB$$f557bbd7.CGLIB$sessionAuthenticationStrategy$4(<generated>)
	at com.toys.acb.config.WebSecurityConfig$$EnhancerBySpringCGLIB$$f557bbd7$$FastClassBySpringCGLIB$$12c57bf9.invoke(<generated>)
	at org.springframework.cglib.proxy.MethodProxy.invokeSuper(MethodProxy.java:244)
	at org.springframework.context.annotation.ConfigurationClassEnhancer$BeanMethodInterceptor.intercept(ConfigurationClassEnhancer.java:331)
	at com.toys.acb.config.WebSecurityConfig$$EnhancerBySpringCGLIB$$f557bbd7.sessionAuthenticationStrategy(<generated>)
	at java.base/jdk.internal.reflect.NativeMethodAccessorImpl.invoke0(Native Method)
	at java.base/jdk.internal.reflect.NativeMethodAccessorImpl.invoke(NativeMethodAccessorImpl.java:64)
	at java.base/jdk.internal.reflect.DelegatingMethodAccessorImpl.invoke(DelegatingMethodAccessorImpl.java:43)
	at java.base/java.lang.reflect.Method.invoke(Method.java:564)
	at org.springframework.beans.factory.support.SimpleInstantiationStrategy.instantiate(SimpleInstantiationStrategy.java:154)
	... 34 common frames omitted
01:04:48.137 [main] INFO  com.toys.acb.UserApplication - Starting UserApplication using Java 15.0.2 on DESKTOP-2D7JFDC with PID 13596 (F:\Program\java_work\ACB\acb_user\target\classes started by CKD in F:\Program\java_work\ACB)
01:04:48.140 [main] INFO  com.toys.acb.UserApplication - No active profile set, falling back to default profiles: default
01:04:48.148 [background-preinit] INFO  o.h.validator.internal.util.Version - HV000001: Hibernate Validator 5.4.1.Final
01:04:50.970 [main] INFO  o.s.d.r.c.RepositoryConfigurationDelegate - Multiple Spring Data modules found, entering strict repository configuration mode!
01:04:51.012 [main] INFO  o.s.d.r.c.RepositoryConfigurationDelegate - Bootstrapping Spring Data Redis repositories in DEFAULT mode.
01:04:51.105 [main] INFO  o.s.d.r.c.RepositoryConfigurationDelegate - Finished Spring Data repository scanning in 42 ms. Found 0 Redis repository interfaces.
01:04:52.429 [main] INFO  o.s.c.s.PostProcessorRegistrationDelegate$BeanPostProcessorChecker - Bean 'org.springframework.security.access.expression.method.DefaultMethodSecurityExpressionHandler@45292ec1' of type [org.springframework.security.access.expression.method.DefaultMethodSecurityExpressionHandler] is not eligible for getting processed by all BeanPostProcessors (for example: not eligible for auto-proxying)
01:04:52.439 [main] INFO  o.s.c.s.PostProcessorRegistrationDelegate$BeanPostProcessorChecker - Bean 'methodSecurityMetadataSource' of type [org.springframework.security.access.method.DelegatingMethodSecurityMetadataSource] is not eligible for getting processed by all BeanPostProcessors (for example: not eligible for auto-proxying)
01:04:53.517 [main] INFO  o.s.b.w.e.tomcat.TomcatWebServer - Tomcat initialized with port(s): 12358 (http)
01:04:53.538 [main] INFO  o.a.coyote.http11.Http11NioProtocol - Initializing ProtocolHandler ["http-nio-12358"]
01:04:53.539 [main] INFO  o.a.catalina.core.StandardService - Starting service [Tomcat]
01:04:53.540 [main] INFO  o.a.catalina.core.StandardEngine - Starting Servlet engine: [Apache Tomcat/9.0.46]
01:04:54.101 [main] INFO  o.a.c.c.C.[Tomcat].[localhost].[/] - Initializing Spring embedded WebApplicationContext
01:04:54.102 [main] INFO  o.s.b.w.s.c.ServletWebServerApplicationContext - Root WebApplicationContext: initialization completed in 5854 ms
01:04:54.834 [main] INFO  com.toys.acb.UserApplication - Starting UserApplication using Java 15.0.2 on DESKTOP-2D7JFDC with PID 9384 (F:\Program\java_work\ACB\acb_user\target\classes started by CKD in F:\Program\java_work\ACB)
01:04:54.837 [main] INFO  com.toys.acb.UserApplication - No active profile set, falling back to default profiles: default
01:04:54.839 [background-preinit] INFO  o.h.validator.internal.util.Version - HV000001: Hibernate Validator 5.4.1.Final
01:04:57.250 [main] INFO  o.s.d.r.c.RepositoryConfigurationDelegate - Multiple Spring Data modules found, entering strict repository configuration mode!
01:04:57.254 [main] INFO  o.s.d.r.c.RepositoryConfigurationDelegate - Bootstrapping Spring Data Redis repositories in DEFAULT mode.
01:04:57.309 [main] INFO  o.s.d.r.c.RepositoryConfigurationDelegate - Finished Spring Data repository scanning in 29 ms. Found 0 Redis repository interfaces.
01:04:58.130 [main] INFO  o.s.c.s.PostProcessorRegistrationDelegate$BeanPostProcessorChecker - Bean 'org.springframework.security.access.expression.method.DefaultMethodSecurityExpressionHandler@50110971' of type [org.springframework.security.access.expression.method.DefaultMethodSecurityExpressionHandler] is not eligible for getting processed by all BeanPostProcessors (for example: not eligible for auto-proxying)
01:04:58.142 [main] INFO  o.s.c.s.PostProcessorRegistrationDelegate$BeanPostProcessorChecker - Bean 'methodSecurityMetadataSource' of type [org.springframework.security.access.method.DelegatingMethodSecurityMetadataSource] is not eligible for getting processed by all BeanPostProcessors (for example: not eligible for auto-proxying)
01:04:58.624 [main] INFO  o.s.b.w.e.tomcat.TomcatWebServer - Tomcat initialized with port(s): 12358 (http)
01:04:58.640 [main] INFO  o.a.coyote.http11.Http11NioProtocol - Initializing ProtocolHandler ["http-nio-12358"]
01:04:58.640 [main] INFO  o.a.catalina.core.StandardService - Starting service [Tomcat]
01:04:58.641 [main] INFO  o.a.catalina.core.StandardEngine - Starting Servlet engine: [Apache Tomcat/9.0.46]
01:04:58.903 [main] INFO  o.a.c.c.C.[Tomcat].[localhost].[/] - Initializing Spring embedded WebApplicationContext
01:04:58.904 [main] INFO  o.s.b.w.s.c.ServletWebServerApplicationContext - Root WebApplicationContext: initialization completed in 3939 ms
01:04:59.728 [main] WARN  o.s.b.w.s.c.AnnotationConfigServletWebServerApplicationContext - Exception encountered during context initialization - cancelling refresh attempt: org.springframework.beans.factory.UnsatisfiedDependencyException: Error creating bean with name 'webSecurityConfig': Unsatisfied dependency expressed through field 'sessionAuthenticationStrategy'; nested exception is org.springframework.beans.factory.BeanCreationException: Error creating bean with name 'sessionAuthenticationStrategy' defined in class path resource [com/toys/acb/config/WebSecurityConfig.class]: Bean instantiation via factory method failed; nested exception is org.springframework.beans.BeanInstantiationException: Failed to instantiate [org.springframework.security.web.authentication.session.SessionAuthenticationStrategy]: Circular reference involving containing bean 'webSecurityConfig' - consider declaring the factory method as static for independence from its containing instance. Factory method 'sessionAuthenticationStrategy' threw exception; nested exception is java.lang.NullPointerException: Cannot invoke "org.springframework.security.context.DelegatingApplicationListener.addListener(org.springframework.context.event.SmartApplicationListener)" because "this.delegatingApplicationListener" is null
01:04:59.734 [main] INFO  o.a.catalina.core.StandardService - Stopping service [Tomcat]
01:04:59.771 [main] INFO  o.s.b.a.l.ConditionEvaluationReportLoggingListener - 

Error starting ApplicationContext. To display the conditions report re-run your application with 'debug' enabled.
01:04:59.851 [main] ERROR o.s.boot.SpringApplication - Application run failed
org.springframework.beans.factory.UnsatisfiedDependencyException: Error creating bean with name 'webSecurityConfig': Unsatisfied dependency expressed through field 'sessionAuthenticationStrategy'; nested exception is org.springframework.beans.factory.BeanCreationException: Error creating bean with name 'sessionAuthenticationStrategy' defined in class path resource [com/toys/acb/config/WebSecurityConfig.class]: Bean instantiation via factory method failed; nested exception is org.springframework.beans.BeanInstantiationException: Failed to instantiate [org.springframework.security.web.authentication.session.SessionAuthenticationStrategy]: Circular reference involving containing bean 'webSecurityConfig' - consider declaring the factory method as static for independence from its containing instance. Factory method 'sessionAuthenticationStrategy' threw exception; nested exception is java.lang.NullPointerException: Cannot invoke "org.springframework.security.context.DelegatingApplicationListener.addListener(org.springframework.context.event.SmartApplicationListener)" because "this.delegatingApplicationListener" is null
	at org.springframework.beans.factory.annotation.AutowiredAnnotationBeanPostProcessor$AutowiredFieldElement.resolveFieldValue(AutowiredAnnotationBeanPostProcessor.java:660)
	at org.springframework.beans.factory.annotation.AutowiredAnnotationBeanPostProcessor$AutowiredFieldElement.inject(AutowiredAnnotationBeanPostProcessor.java:640)
	at org.springframework.beans.factory.annotation.InjectionMetadata.inject(InjectionMetadata.java:119)
	at org.springframework.beans.factory.annotation.AutowiredAnnotationBeanPostProcessor.postProcessProperties(AutowiredAnnotationBeanPostProcessor.java:399)
	at org.springframework.beans.factory.support.AbstractAutowireCapableBeanFactory.populateBean(AbstractAutowireCapableBeanFactory.java:1413)
	at org.springframework.beans.factory.support.AbstractAutowireCapableBeanFactory.doCreateBean(AbstractAutowireCapableBeanFactory.java:601)
	at org.springframework.beans.factory.support.AbstractAutowireCapableBeanFactory.createBean(AbstractAutowireCapableBeanFactory.java:524)
	at org.springframework.beans.factory.support.AbstractBeanFactory.lambda$doGetBean$0(AbstractBeanFactory.java:335)
	at org.springframework.beans.factory.support.DefaultSingletonBeanRegistry.getSingleton(DefaultSingletonBeanRegistry.java:234)
	at org.springframework.beans.factory.support.AbstractBeanFactory.doGetBean(AbstractBeanFactory.java:333)
	at org.springframework.beans.factory.support.AbstractBeanFactory.getBean(AbstractBeanFactory.java:208)
	at org.springframework.beans.factory.support.DefaultListableBeanFactory.preInstantiateSingletons(DefaultListableBeanFactory.java:944)
	at org.springframework.context.support.AbstractApplicationContext.finishBeanFactoryInitialization(AbstractApplicationContext.java:918)
	at org.springframework.context.support.AbstractApplicationContext.refresh(AbstractApplicationContext.java:583)
	at org.springframework.boot.web.servlet.context.ServletWebServerApplicationContext.refresh(ServletWebServerApplicationContext.java:145)
	at org.springframework.boot.SpringApplication.refresh(SpringApplication.java:754)
	at org.springframework.boot.SpringApplication.refreshContext(SpringApplication.java:434)
	at org.springframework.boot.SpringApplication.run(SpringApplication.java:338)
	at org.springframework.boot.SpringApplication.run(SpringApplication.java:1343)
	at org.springframework.boot.SpringApplication.run(SpringApplication.java:1332)
	at com.toys.acb.UserApplication.main(UserApplication.java:12)
Caused by: org.springframework.beans.factory.BeanCreationException: Error creating bean with name 'sessionAuthenticationStrategy' defined in class path resource [com/toys/acb/config/WebSecurityConfig.class]: Bean instantiation via factory method failed; nested exception is org.springframework.beans.BeanInstantiationException: Failed to instantiate [org.springframework.security.web.authentication.session.SessionAuthenticationStrategy]: Circular reference involving containing bean 'webSecurityConfig' - consider declaring the factory method as static for independence from its containing instance. Factory method 'sessionAuthenticationStrategy' threw exception; nested exception is java.lang.NullPointerException: Cannot invoke "org.springframework.security.context.DelegatingApplicationListener.addListener(org.springframework.context.event.SmartApplicationListener)" because "this.delegatingApplicationListener" is null
	at org.springframework.beans.factory.support.ConstructorResolver.instantiate(ConstructorResolver.java:658)
	at org.springframework.beans.factory.support.ConstructorResolver.instantiateUsingFactoryMethod(ConstructorResolver.java:486)
	at org.springframework.beans.factory.support.AbstractAutowireCapableBeanFactory.instantiateUsingFactoryMethod(AbstractAutowireCapableBeanFactory.java:1334)
	at org.springframework.beans.factory.support.AbstractAutowireCapableBeanFactory.createBeanInstance(AbstractAutowireCapableBeanFactory.java:1177)
	at org.springframework.beans.factory.support.AbstractAutowireCapableBeanFactory.doCreateBean(AbstractAutowireCapableBeanFactory.java:564)
	at org.springframework.beans.factory.support.AbstractAutowireCapableBeanFactory.createBean(AbstractAutowireCapableBeanFactory.java:524)
	at org.springframework.beans.factory.support.AbstractBeanFactory.lambda$doGetBean$0(AbstractBeanFactory.java:335)
	at org.springframework.beans.factory.support.DefaultSingletonBeanRegistry.getSingleton(DefaultSingletonBeanRegistry.java:234)
	at org.springframework.beans.factory.support.AbstractBeanFactory.doGetBean(AbstractBeanFactory.java:333)
	at org.springframework.beans.factory.support.AbstractBeanFactory.getBean(AbstractBeanFactory.java:208)
	at org.springframework.beans.factory.config.DependencyDescriptor.resolveCandidate(DependencyDescriptor.java:276)
	at org.springframework.beans.factory.support.DefaultListableBeanFactory.doResolveDependency(DefaultListableBeanFactory.java:1380)
	at org.springframework.beans.factory.support.DefaultListableBeanFactory.resolveDependency(DefaultListableBeanFactory.java:1300)
	at org.springframework.beans.factory.annotation.AutowiredAnnotationBeanPostProcessor$AutowiredFieldElement.resolveFieldValue(AutowiredAnnotationBeanPostProcessor.java:657)
	... 20 common frames omitted
Caused by: org.springframework.beans.BeanInstantiationException: Failed to instantiate [org.springframework.security.web.authentication.session.SessionAuthenticationStrategy]: Circular reference involving containing bean 'webSecurityConfig' - consider declaring the factory method as static for independence from its containing instance. Factory method 'sessionAuthenticationStrategy' threw exception; nested exception is java.lang.NullPointerException: Cannot invoke "org.springframework.security.context.DelegatingApplicationListener.addListener(org.springframework.context.event.SmartApplicationListener)" because "this.delegatingApplicationListener" is null
	at org.springframework.beans.factory.support.SimpleInstantiationStrategy.instantiate(SimpleInstantiationStrategy.java:185)
	at org.springframework.beans.factory.support.ConstructorResolver.instantiate(ConstructorResolver.java:653)
	... 33 common frames omitted
Caused by: java.lang.NullPointerException: Cannot invoke "org.springframework.security.context.DelegatingApplicationListener.addListener(org.springframework.context.event.SmartApplicationListener)" because "this.delegatingApplicationListener" is null
	at com.toys.acb.config.WebSecurityConfig.sessionAuthenticationStrategy(WebSecurityConfig.java:34)
	at com.toys.acb.config.WebSecurityConfig$$EnhancerBySpringCGLIB$$d61040e5.CGLIB$sessionAuthenticationStrategy$4(<generated>)
	at com.toys.acb.config.WebSecurityConfig$$EnhancerBySpringCGLIB$$d61040e5$$FastClassBySpringCGLIB$$709db1d2.invoke(<generated>)
	at org.springframework.cglib.proxy.MethodProxy.invokeSuper(MethodProxy.java:244)
	at org.springframework.context.annotation.ConfigurationClassEnhancer$BeanMethodInterceptor.intercept(ConfigurationClassEnhancer.java:331)
	at com.toys.acb.config.WebSecurityConfig$$EnhancerBySpringCGLIB$$d61040e5.sessionAuthenticationStrategy(<generated>)
	at java.base/jdk.internal.reflect.NativeMethodAccessorImpl.invoke0(Native Method)
	at java.base/jdk.internal.reflect.NativeMethodAccessorImpl.invoke(NativeMethodAccessorImpl.java:64)
	at java.base/jdk.internal.reflect.DelegatingMethodAccessorImpl.invoke(DelegatingMethodAccessorImpl.java:43)
	at java.base/java.lang.reflect.Method.invoke(Method.java:564)
	at org.springframework.beans.factory.support.SimpleInstantiationStrategy.instantiate(SimpleInstantiationStrategy.java:154)
	... 34 common frames omitted
01:05:01.604 [main] WARN  o.s.b.w.s.c.AnnotationConfigServletWebServerApplicationContext - Exception encountered during context initialization - cancelling refresh attempt: org.springframework.beans.factory.UnsatisfiedDependencyException: Error creating bean with name 'webSecurityConfig': Unsatisfied dependency expressed through field 'sessionAuthenticationStrategy'; nested exception is org.springframework.beans.factory.BeanCreationException: Error creating bean with name 'sessionAuthenticationStrategy' defined in class path resource [com/toys/acb/config/WebSecurityConfig.class]: Bean instantiation via factory method failed; nested exception is org.springframework.beans.BeanInstantiationException: Failed to instantiate [org.springframework.security.web.authentication.session.SessionAuthenticationStrategy]: Circular reference involving containing bean 'webSecurityConfig' - consider declaring the factory method as static for independence from its containing instance. Factory method 'sessionAuthenticationStrategy' threw exception; nested exception is java.lang.NullPointerException: Cannot invoke "org.springframework.security.context.DelegatingApplicationListener.addListener(org.springframework.context.event.SmartApplicationListener)" because "this.delegatingApplicationListener" is null
01:05:01.649 [main] INFO  o.a.catalina.core.StandardService - Stopping service [Tomcat]
01:05:10.416 [main] INFO  com.toys.acb.UserApplication - Starting UserApplication using Java 15.0.2 on DESKTOP-2D7JFDC with PID 8080 (F:\Program\java_work\ACB\acb_user\target\classes started by CKD in F:\Program\java_work\ACB)
01:05:10.418 [main] INFO  com.toys.acb.UserApplication - No active profile set, falling back to default profiles: default
01:05:10.434 [background-preinit] INFO  o.h.validator.internal.util.Version - HV000001: Hibernate Validator 5.4.1.Final
01:05:12.043 [main] INFO  o.s.d.r.c.RepositoryConfigurationDelegate - Multiple Spring Data modules found, entering strict repository configuration mode!
01:05:12.050 [main] INFO  o.s.d.r.c.RepositoryConfigurationDelegate - Bootstrapping Spring Data Redis repositories in DEFAULT mode.
01:05:12.102 [main] INFO  o.s.d.r.c.RepositoryConfigurationDelegate - Finished Spring Data repository scanning in 21 ms. Found 0 Redis repository interfaces.
01:05:13.133 [main] INFO  o.s.c.s.PostProcessorRegistrationDelegate$BeanPostProcessorChecker - Bean 'org.springframework.security.access.expression.method.DefaultMethodSecurityExpressionHandler@77cb452c' of type [org.springframework.security.access.expression.method.DefaultMethodSecurityExpressionHandler] is not eligible for getting processed by all BeanPostProcessors (for example: not eligible for auto-proxying)
01:05:13.142 [main] INFO  o.s.c.s.PostProcessorRegistrationDelegate$BeanPostProcessorChecker - Bean 'methodSecurityMetadataSource' of type [org.springframework.security.access.method.DelegatingMethodSecurityMetadataSource] is not eligible for getting processed by all BeanPostProcessors (for example: not eligible for auto-proxying)
01:05:13.942 [main] INFO  o.s.b.w.e.tomcat.TomcatWebServer - Tomcat initialized with port(s): 12358 (http)
01:05:13.980 [main] INFO  o.a.coyote.http11.Http11NioProtocol - Initializing ProtocolHandler ["http-nio-12358"]
01:05:13.984 [main] INFO  o.a.catalina.core.StandardService - Starting service [Tomcat]
01:05:13.985 [main] INFO  o.a.catalina.core.StandardEngine - Starting Servlet engine: [Apache Tomcat/9.0.46]
01:05:14.275 [main] INFO  o.a.c.c.C.[Tomcat].[localhost].[/] - Initializing Spring embedded WebApplicationContext
01:05:14.276 [main] INFO  o.s.b.w.s.c.ServletWebServerApplicationContext - Root WebApplicationContext: initialization completed in 3771 ms
01:05:14.967 [main] WARN  o.s.b.w.s.c.AnnotationConfigServletWebServerApplicationContext - Exception encountered during context initialization - cancelling refresh attempt: org.springframework.beans.factory.UnsatisfiedDependencyException: Error creating bean with name 'webSecurityConfig': Unsatisfied dependency expressed through field 'sessionAuthenticationStrategy'; nested exception is org.springframework.beans.factory.BeanCreationException: Error creating bean with name 'sessionAuthenticationStrategy' defined in class path resource [com/toys/acb/config/WebSecurityConfig.class]: Bean instantiation via factory method failed; nested exception is org.springframework.beans.BeanInstantiationException: Failed to instantiate [org.springframework.security.web.authentication.session.SessionAuthenticationStrategy]: Circular reference involving containing bean 'webSecurityConfig' - consider declaring the factory method as static for independence from its containing instance. Factory method 'sessionAuthenticationStrategy' threw exception; nested exception is java.lang.NullPointerException: Cannot invoke "org.springframework.security.context.DelegatingApplicationListener.addListener(org.springframework.context.event.SmartApplicationListener)" because "this.delegatingApplicationListener" is null
01:05:14.972 [main] INFO  o.a.catalina.core.StandardService - Stopping service [Tomcat]
01:05:15.001 [main] INFO  o.s.b.a.l.ConditionEvaluationReportLoggingListener - 

Error starting ApplicationContext. To display the conditions report re-run your application with 'debug' enabled.
01:05:15.037 [main] ERROR o.s.boot.SpringApplication - Application run failed
org.springframework.beans.factory.UnsatisfiedDependencyException: Error creating bean with name 'webSecurityConfig': Unsatisfied dependency expressed through field 'sessionAuthenticationStrategy'; nested exception is org.springframework.beans.factory.BeanCreationException: Error creating bean with name 'sessionAuthenticationStrategy' defined in class path resource [com/toys/acb/config/WebSecurityConfig.class]: Bean instantiation via factory method failed; nested exception is org.springframework.beans.BeanInstantiationException: Failed to instantiate [org.springframework.security.web.authentication.session.SessionAuthenticationStrategy]: Circular reference involving containing bean 'webSecurityConfig' - consider declaring the factory method as static for independence from its containing instance. Factory method 'sessionAuthenticationStrategy' threw exception; nested exception is java.lang.NullPointerException: Cannot invoke "org.springframework.security.context.DelegatingApplicationListener.addListener(org.springframework.context.event.SmartApplicationListener)" because "this.delegatingApplicationListener" is null
	at org.springframework.beans.factory.annotation.AutowiredAnnotationBeanPostProcessor$AutowiredFieldElement.resolveFieldValue(AutowiredAnnotationBeanPostProcessor.java:660)
	at org.springframework.beans.factory.annotation.AutowiredAnnotationBeanPostProcessor$AutowiredFieldElement.inject(AutowiredAnnotationBeanPostProcessor.java:640)
	at org.springframework.beans.factory.annotation.InjectionMetadata.inject(InjectionMetadata.java:119)
	at org.springframework.beans.factory.annotation.AutowiredAnnotationBeanPostProcessor.postProcessProperties(AutowiredAnnotationBeanPostProcessor.java:399)
	at org.springframework.beans.factory.support.AbstractAutowireCapableBeanFactory.populateBean(AbstractAutowireCapableBeanFactory.java:1413)
	at org.springframework.beans.factory.support.AbstractAutowireCapableBeanFactory.doCreateBean(AbstractAutowireCapableBeanFactory.java:601)
	at org.springframework.beans.factory.support.AbstractAutowireCapableBeanFactory.createBean(AbstractAutowireCapableBeanFactory.java:524)
	at org.springframework.beans.factory.support.AbstractBeanFactory.lambda$doGetBean$0(AbstractBeanFactory.java:335)
	at org.springframework.beans.factory.support.DefaultSingletonBeanRegistry.getSingleton(DefaultSingletonBeanRegistry.java:234)
	at org.springframework.beans.factory.support.AbstractBeanFactory.doGetBean(AbstractBeanFactory.java:333)
	at org.springframework.beans.factory.support.AbstractBeanFactory.getBean(AbstractBeanFactory.java:208)
	at org.springframework.beans.factory.support.DefaultListableBeanFactory.preInstantiateSingletons(DefaultListableBeanFactory.java:944)
	at org.springframework.context.support.AbstractApplicationContext.finishBeanFactoryInitialization(AbstractApplicationContext.java:918)
	at org.springframework.context.support.AbstractApplicationContext.refresh(AbstractApplicationContext.java:583)
	at org.springframework.boot.web.servlet.context.ServletWebServerApplicationContext.refresh(ServletWebServerApplicationContext.java:145)
	at org.springframework.boot.SpringApplication.refresh(SpringApplication.java:754)
	at org.springframework.boot.SpringApplication.refreshContext(SpringApplication.java:434)
	at org.springframework.boot.SpringApplication.run(SpringApplication.java:338)
	at org.springframework.boot.SpringApplication.run(SpringApplication.java:1343)
	at org.springframework.boot.SpringApplication.run(SpringApplication.java:1332)
	at com.toys.acb.UserApplication.main(UserApplication.java:12)
Caused by: org.springframework.beans.factory.BeanCreationException: Error creating bean with name 'sessionAuthenticationStrategy' defined in class path resource [com/toys/acb/config/WebSecurityConfig.class]: Bean instantiation via factory method failed; nested exception is org.springframework.beans.BeanInstantiationException: Failed to instantiate [org.springframework.security.web.authentication.session.SessionAuthenticationStrategy]: Circular reference involving containing bean 'webSecurityConfig' - consider declaring the factory method as static for independence from its containing instance. Factory method 'sessionAuthenticationStrategy' threw exception; nested exception is java.lang.NullPointerException: Cannot invoke "org.springframework.security.context.DelegatingApplicationListener.addListener(org.springframework.context.event.SmartApplicationListener)" because "this.delegatingApplicationListener" is null
	at org.springframework.beans.factory.support.ConstructorResolver.instantiate(ConstructorResolver.java:658)
	at org.springframework.beans.factory.support.ConstructorResolver.instantiateUsingFactoryMethod(ConstructorResolver.java:486)
	at org.springframework.beans.factory.support.AbstractAutowireCapableBeanFactory.instantiateUsingFactoryMethod(AbstractAutowireCapableBeanFactory.java:1334)
	at org.springframework.beans.factory.support.AbstractAutowireCapableBeanFactory.createBeanInstance(AbstractAutowireCapableBeanFactory.java:1177)
	at org.springframework.beans.factory.support.AbstractAutowireCapableBeanFactory.doCreateBean(AbstractAutowireCapableBeanFactory.java:564)
	at org.springframework.beans.factory.support.AbstractAutowireCapableBeanFactory.createBean(AbstractAutowireCapableBeanFactory.java:524)
	at org.springframework.beans.factory.support.AbstractBeanFactory.lambda$doGetBean$0(AbstractBeanFactory.java:335)
	at org.springframework.beans.factory.support.DefaultSingletonBeanRegistry.getSingleton(DefaultSingletonBeanRegistry.java:234)
	at org.springframework.beans.factory.support.AbstractBeanFactory.doGetBean(AbstractBeanFactory.java:333)
	at org.springframework.beans.factory.support.AbstractBeanFactory.getBean(AbstractBeanFactory.java:208)
	at org.springframework.beans.factory.config.DependencyDescriptor.resolveCandidate(DependencyDescriptor.java:276)
	at org.springframework.beans.factory.support.DefaultListableBeanFactory.doResolveDependency(DefaultListableBeanFactory.java:1380)
	at org.springframework.beans.factory.support.DefaultListableBeanFactory.resolveDependency(DefaultListableBeanFactory.java:1300)
	at org.springframework.beans.factory.annotation.AutowiredAnnotationBeanPostProcessor$AutowiredFieldElement.resolveFieldValue(AutowiredAnnotationBeanPostProcessor.java:657)
	... 20 common frames omitted
Caused by: org.springframework.beans.BeanInstantiationException: Failed to instantiate [org.springframework.security.web.authentication.session.SessionAuthenticationStrategy]: Circular reference involving containing bean 'webSecurityConfig' - consider declaring the factory method as static for independence from its containing instance. Factory method 'sessionAuthenticationStrategy' threw exception; nested exception is java.lang.NullPointerException: Cannot invoke "org.springframework.security.context.DelegatingApplicationListener.addListener(org.springframework.context.event.SmartApplicationListener)" because "this.delegatingApplicationListener" is null
	at org.springframework.beans.factory.support.SimpleInstantiationStrategy.instantiate(SimpleInstantiationStrategy.java:185)
	at org.springframework.beans.factory.support.ConstructorResolver.instantiate(ConstructorResolver.java:653)
	... 33 common frames omitted
Caused by: java.lang.NullPointerException: Cannot invoke "org.springframework.security.context.DelegatingApplicationListener.addListener(org.springframework.context.event.SmartApplicationListener)" because "this.delegatingApplicationListener" is null
	at com.toys.acb.config.WebSecurityConfig.sessionAuthenticationStrategy(WebSecurityConfig.java:34)
	at com.toys.acb.config.WebSecurityConfig$$EnhancerBySpringCGLIB$$3624e564.CGLIB$sessionAuthenticationStrategy$4(<generated>)
	at com.toys.acb.config.WebSecurityConfig$$EnhancerBySpringCGLIB$$3624e564$$FastClassBySpringCGLIB$$9087a508.invoke(<generated>)
	at org.springframework.cglib.proxy.MethodProxy.invokeSuper(MethodProxy.java:244)
	at org.springframework.context.annotation.ConfigurationClassEnhancer$BeanMethodInterceptor.intercept(ConfigurationClassEnhancer.java:331)
	at com.toys.acb.config.WebSecurityConfig$$EnhancerBySpringCGLIB$$3624e564.sessionAuthenticationStrategy(<generated>)
	at java.base/jdk.internal.reflect.NativeMethodAccessorImpl.invoke0(Native Method)
	at java.base/jdk.internal.reflect.NativeMethodAccessorImpl.invoke(NativeMethodAccessorImpl.java:64)
	at java.base/jdk.internal.reflect.DelegatingMethodAccessorImpl.invoke(DelegatingMethodAccessorImpl.java:43)
	at java.base/java.lang.reflect.Method.invoke(Method.java:564)
	at org.springframework.beans.factory.support.SimpleInstantiationStrategy.instantiate(SimpleInstantiationStrategy.java:154)
	... 34 common frames omitted
01:07:10.903 [main] INFO  com.toys.acb.UserApplication - Starting UserApplication using Java 15.0.2 on DESKTOP-2D7JFDC with PID 2400 (F:\Program\java_work\ACB\acb_user\target\classes started by CKD in F:\Program\java_work\ACB)
01:07:10.908 [main] INFO  com.toys.acb.UserApplication - No active profile set, falling back to default profiles: default
01:07:10.914 [background-preinit] INFO  o.h.validator.internal.util.Version - HV000001: Hibernate Validator 5.4.1.Final
01:07:12.174 [main] INFO  o.s.d.r.c.RepositoryConfigurationDelegate - Multiple Spring Data modules found, entering strict repository configuration mode!
01:07:12.177 [main] INFO  o.s.d.r.c.RepositoryConfigurationDelegate - Bootstrapping Spring Data Redis repositories in DEFAULT mode.
01:07:12.208 [main] INFO  o.s.d.r.c.RepositoryConfigurationDelegate - Finished Spring Data repository scanning in 16 ms. Found 0 Redis repository interfaces.
01:07:12.624 [main] INFO  o.s.c.s.PostProcessorRegistrationDelegate$BeanPostProcessorChecker - Bean 'org.springframework.security.access.expression.method.DefaultMethodSecurityExpressionHandler@6048e26a' of type [org.springframework.security.access.expression.method.DefaultMethodSecurityExpressionHandler] is not eligible for getting processed by all BeanPostProcessors (for example: not eligible for auto-proxying)
01:07:12.634 [main] INFO  o.s.c.s.PostProcessorRegistrationDelegate$BeanPostProcessorChecker - Bean 'methodSecurityMetadataSource' of type [org.springframework.security.access.method.DelegatingMethodSecurityMetadataSource] is not eligible for getting processed by all BeanPostProcessors (for example: not eligible for auto-proxying)
01:07:12.925 [main] INFO  o.s.b.w.e.tomcat.TomcatWebServer - Tomcat initialized with port(s): 12358 (http)
01:07:12.939 [main] INFO  o.a.coyote.http11.Http11NioProtocol - Initializing ProtocolHandler ["http-nio-12358"]
01:07:12.940 [main] INFO  o.a.catalina.core.StandardService - Starting service [Tomcat]
01:07:12.941 [main] INFO  o.a.catalina.core.StandardEngine - Starting Servlet engine: [Apache Tomcat/9.0.46]
01:07:13.058 [main] INFO  o.a.c.c.C.[Tomcat].[localhost].[/] - Initializing Spring embedded WebApplicationContext
01:07:13.058 [main] INFO  o.s.b.w.s.c.ServletWebServerApplicationContext - Root WebApplicationContext: initialization completed in 2058 ms
01:07:13.430 [main] WARN  o.s.b.w.s.c.AnnotationConfigServletWebServerApplicationContext - Exception encountered during context initialization - cancelling refresh attempt: org.springframework.beans.factory.UnsatisfiedDependencyException: Error creating bean with name 'webSecurityConfig': Unsatisfied dependency expressed through field 'sessionAuthenticationStrategy'; nested exception is org.springframework.beans.factory.BeanCreationException: Error creating bean with name 'sessionAuthenticationStrategy' defined in class path resource [com/toys/acb/config/WebSecurityConfig.class]: Bean instantiation via factory method failed; nested exception is org.springframework.beans.BeanInstantiationException: Failed to instantiate [org.springframework.security.web.authentication.session.SessionAuthenticationStrategy]: Circular reference involving containing bean 'webSecurityConfig' - consider declaring the factory method as static for independence from its containing instance. Factory method 'sessionAuthenticationStrategy' threw exception; nested exception is java.lang.NullPointerException: Cannot invoke "org.springframework.security.context.DelegatingApplicationListener.addListener(org.springframework.context.event.SmartApplicationListener)" because "this.delegatingApplicationListener" is null
01:07:13.434 [main] INFO  o.a.catalina.core.StandardService - Stopping service [Tomcat]
01:07:13.446 [main] INFO  o.s.b.a.l.ConditionEvaluationReportLoggingListener - 

Error starting ApplicationContext. To display the conditions report re-run your application with 'debug' enabled.
01:07:13.469 [main] ERROR o.s.boot.SpringApplication - Application run failed
org.springframework.beans.factory.UnsatisfiedDependencyException: Error creating bean with name 'webSecurityConfig': Unsatisfied dependency expressed through field 'sessionAuthenticationStrategy'; nested exception is org.springframework.beans.factory.BeanCreationException: Error creating bean with name 'sessionAuthenticationStrategy' defined in class path resource [com/toys/acb/config/WebSecurityConfig.class]: Bean instantiation via factory method failed; nested exception is org.springframework.beans.BeanInstantiationException: Failed to instantiate [org.springframework.security.web.authentication.session.SessionAuthenticationStrategy]: Circular reference involving containing bean 'webSecurityConfig' - consider declaring the factory method as static for independence from its containing instance. Factory method 'sessionAuthenticationStrategy' threw exception; nested exception is java.lang.NullPointerException: Cannot invoke "org.springframework.security.context.DelegatingApplicationListener.addListener(org.springframework.context.event.SmartApplicationListener)" because "this.delegatingApplicationListener" is null
	at org.springframework.beans.factory.annotation.AutowiredAnnotationBeanPostProcessor$AutowiredFieldElement.resolveFieldValue(AutowiredAnnotationBeanPostProcessor.java:660)
	at org.springframework.beans.factory.annotation.AutowiredAnnotationBeanPostProcessor$AutowiredFieldElement.inject(AutowiredAnnotationBeanPostProcessor.java:640)
	at org.springframework.beans.factory.annotation.InjectionMetadata.inject(InjectionMetadata.java:119)
	at org.springframework.beans.factory.annotation.AutowiredAnnotationBeanPostProcessor.postProcessProperties(AutowiredAnnotationBeanPostProcessor.java:399)
	at org.springframework.beans.factory.support.AbstractAutowireCapableBeanFactory.populateBean(AbstractAutowireCapableBeanFactory.java:1413)
	at org.springframework.beans.factory.support.AbstractAutowireCapableBeanFactory.doCreateBean(AbstractAutowireCapableBeanFactory.java:601)
	at org.springframework.beans.factory.support.AbstractAutowireCapableBeanFactory.createBean(AbstractAutowireCapableBeanFactory.java:524)
	at org.springframework.beans.factory.support.AbstractBeanFactory.lambda$doGetBean$0(AbstractBeanFactory.java:335)
	at org.springframework.beans.factory.support.DefaultSingletonBeanRegistry.getSingleton(DefaultSingletonBeanRegistry.java:234)
	at org.springframework.beans.factory.support.AbstractBeanFactory.doGetBean(AbstractBeanFactory.java:333)
	at org.springframework.beans.factory.support.AbstractBeanFactory.getBean(AbstractBeanFactory.java:208)
	at org.springframework.beans.factory.support.DefaultListableBeanFactory.preInstantiateSingletons(DefaultListableBeanFactory.java:944)
	at org.springframework.context.support.AbstractApplicationContext.finishBeanFactoryInitialization(AbstractApplicationContext.java:918)
	at org.springframework.context.support.AbstractApplicationContext.refresh(AbstractApplicationContext.java:583)
	at org.springframework.boot.web.servlet.context.ServletWebServerApplicationContext.refresh(ServletWebServerApplicationContext.java:145)
	at org.springframework.boot.SpringApplication.refresh(SpringApplication.java:754)
	at org.springframework.boot.SpringApplication.refreshContext(SpringApplication.java:434)
	at org.springframework.boot.SpringApplication.run(SpringApplication.java:338)
	at org.springframework.boot.SpringApplication.run(SpringApplication.java:1343)
	at org.springframework.boot.SpringApplication.run(SpringApplication.java:1332)
	at com.toys.acb.UserApplication.main(UserApplication.java:12)
Caused by: org.springframework.beans.factory.BeanCreationException: Error creating bean with name 'sessionAuthenticationStrategy' defined in class path resource [com/toys/acb/config/WebSecurityConfig.class]: Bean instantiation via factory method failed; nested exception is org.springframework.beans.BeanInstantiationException: Failed to instantiate [org.springframework.security.web.authentication.session.SessionAuthenticationStrategy]: Circular reference involving containing bean 'webSecurityConfig' - consider declaring the factory method as static for independence from its containing instance. Factory method 'sessionAuthenticationStrategy' threw exception; nested exception is java.lang.NullPointerException: Cannot invoke "org.springframework.security.context.DelegatingApplicationListener.addListener(org.springframework.context.event.SmartApplicationListener)" because "this.delegatingApplicationListener" is null
	at org.springframework.beans.factory.support.ConstructorResolver.instantiate(ConstructorResolver.java:658)
	at org.springframework.beans.factory.support.ConstructorResolver.instantiateUsingFactoryMethod(ConstructorResolver.java:486)
	at org.springframework.beans.factory.support.AbstractAutowireCapableBeanFactory.instantiateUsingFactoryMethod(AbstractAutowireCapableBeanFactory.java:1334)
	at org.springframework.beans.factory.support.AbstractAutowireCapableBeanFactory.createBeanInstance(AbstractAutowireCapableBeanFactory.java:1177)
	at org.springframework.beans.factory.support.AbstractAutowireCapableBeanFactory.doCreateBean(AbstractAutowireCapableBeanFactory.java:564)
	at org.springframework.beans.factory.support.AbstractAutowireCapableBeanFactory.createBean(AbstractAutowireCapableBeanFactory.java:524)
	at org.springframework.beans.factory.support.AbstractBeanFactory.lambda$doGetBean$0(AbstractBeanFactory.java:335)
	at org.springframework.beans.factory.support.DefaultSingletonBeanRegistry.getSingleton(DefaultSingletonBeanRegistry.java:234)
	at org.springframework.beans.factory.support.AbstractBeanFactory.doGetBean(AbstractBeanFactory.java:333)
	at org.springframework.beans.factory.support.AbstractBeanFactory.getBean(AbstractBeanFactory.java:208)
	at org.springframework.beans.factory.config.DependencyDescriptor.resolveCandidate(DependencyDescriptor.java:276)
	at org.springframework.beans.factory.support.DefaultListableBeanFactory.doResolveDependency(DefaultListableBeanFactory.java:1380)
	at org.springframework.beans.factory.support.DefaultListableBeanFactory.resolveDependency(DefaultListableBeanFactory.java:1300)
	at org.springframework.beans.factory.annotation.AutowiredAnnotationBeanPostProcessor$AutowiredFieldElement.resolveFieldValue(AutowiredAnnotationBeanPostProcessor.java:657)
	... 20 common frames omitted
Caused by: org.springframework.beans.BeanInstantiationException: Failed to instantiate [org.springframework.security.web.authentication.session.SessionAuthenticationStrategy]: Circular reference involving containing bean 'webSecurityConfig' - consider declaring the factory method as static for independence from its containing instance. Factory method 'sessionAuthenticationStrategy' threw exception; nested exception is java.lang.NullPointerException: Cannot invoke "org.springframework.security.context.DelegatingApplicationListener.addListener(org.springframework.context.event.SmartApplicationListener)" because "this.delegatingApplicationListener" is null
	at org.springframework.beans.factory.support.SimpleInstantiationStrategy.instantiate(SimpleInstantiationStrategy.java:185)
	at org.springframework.beans.factory.support.ConstructorResolver.instantiate(ConstructorResolver.java:653)
	... 33 common frames omitted
Caused by: java.lang.NullPointerException: Cannot invoke "org.springframework.security.context.DelegatingApplicationListener.addListener(org.springframework.context.event.SmartApplicationListener)" because "this.delegatingApplicationListener" is null
	at com.toys.acb.config.WebSecurityConfig.sessionAuthenticationStrategy(WebSecurityConfig.java:35)
	at com.toys.acb.config.WebSecurityConfig$$EnhancerBySpringCGLIB$$559807a1.CGLIB$sessionAuthenticationStrategy$4(<generated>)
	at com.toys.acb.config.WebSecurityConfig$$EnhancerBySpringCGLIB$$559807a1$$FastClassBySpringCGLIB$$377602eb.invoke(<generated>)
	at org.springframework.cglib.proxy.MethodProxy.invokeSuper(MethodProxy.java:244)
	at org.springframework.context.annotation.ConfigurationClassEnhancer$BeanMethodInterceptor.intercept(ConfigurationClassEnhancer.java:331)
	at com.toys.acb.config.WebSecurityConfig$$EnhancerBySpringCGLIB$$559807a1.sessionAuthenticationStrategy(<generated>)
	at java.base/jdk.internal.reflect.NativeMethodAccessorImpl.invoke0(Native Method)
	at java.base/jdk.internal.reflect.NativeMethodAccessorImpl.invoke(NativeMethodAccessorImpl.java:64)
	at java.base/jdk.internal.reflect.DelegatingMethodAccessorImpl.invoke(DelegatingMethodAccessorImpl.java:43)
	at java.base/java.lang.reflect.Method.invoke(Method.java:564)
	at org.springframework.beans.factory.support.SimpleInstantiationStrategy.instantiate(SimpleInstantiationStrategy.java:154)
	... 34 common frames omitted
01:09:27.242 [background-preinit] INFO  o.h.validator.internal.util.Version - HV000001: Hibernate Validator 5.4.1.Final
01:09:27.245 [main] INFO  com.toys.acb.UserApplication - Starting UserApplication using Java 15.0.2 on DESKTOP-2D7JFDC with PID 11640 (F:\Program\java_work\ACB\acb_user\target\classes started by CKD in F:\Program\java_work\ACB)
01:09:27.246 [main] INFO  com.toys.acb.UserApplication - No active profile set, falling back to default profiles: default
01:09:28.469 [main] INFO  o.s.d.r.c.RepositoryConfigurationDelegate - Multiple Spring Data modules found, entering strict repository configuration mode!
01:09:28.472 [main] INFO  o.s.d.r.c.RepositoryConfigurationDelegate - Bootstrapping Spring Data Redis repositories in DEFAULT mode.
01:09:28.506 [main] INFO  o.s.d.r.c.RepositoryConfigurationDelegate - Finished Spring Data repository scanning in 16 ms. Found 0 Redis repository interfaces.
01:09:28.929 [main] INFO  o.s.c.s.PostProcessorRegistrationDelegate$BeanPostProcessorChecker - Bean 'org.springframework.security.access.expression.method.DefaultMethodSecurityExpressionHandler@581b1c08' of type [org.springframework.security.access.expression.method.DefaultMethodSecurityExpressionHandler] is not eligible for getting processed by all BeanPostProcessors (for example: not eligible for auto-proxying)
01:09:28.934 [main] INFO  o.s.c.s.PostProcessorRegistrationDelegate$BeanPostProcessorChecker - Bean 'methodSecurityMetadataSource' of type [org.springframework.security.access.method.DelegatingMethodSecurityMetadataSource] is not eligible for getting processed by all BeanPostProcessors (for example: not eligible for auto-proxying)
01:09:29.189 [main] INFO  o.s.b.w.e.tomcat.TomcatWebServer - Tomcat initialized with port(s): 12358 (http)
01:09:29.197 [main] INFO  o.a.coyote.http11.Http11NioProtocol - Initializing ProtocolHandler ["http-nio-12358"]
01:09:29.198 [main] INFO  o.a.catalina.core.StandardService - Starting service [Tomcat]
01:09:29.198 [main] INFO  o.a.catalina.core.StandardEngine - Starting Servlet engine: [Apache Tomcat/9.0.46]
01:09:29.314 [main] INFO  o.a.c.c.C.[Tomcat].[localhost].[/] - Initializing Spring embedded WebApplicationContext
01:09:29.315 [main] INFO  o.s.b.w.s.c.ServletWebServerApplicationContext - Root WebApplicationContext: initialization completed in 1985 ms
01:09:30.094 [main] INFO  s.d.s.w.PropertySourcedRequestMappingHandlerMapping - Mapped URL path [/v2/api-docs] onto method [springfox.documentation.swagger2.web.Swagger2Controller#getDocumentation(String, HttpServletRequest)]
01:09:30.349 [main] INFO  o.s.s.web.DefaultSecurityFilterChain - Will secure Ant [pattern='/css/**'] with []
01:09:30.350 [main] INFO  o.s.s.web.DefaultSecurityFilterChain - Will secure Ant [pattern='/js/**'] with []
01:09:30.397 [main] INFO  o.s.s.web.DefaultSecurityFilterChain - Will secure any request with [org.springframework.security.web.context.request.async.WebAsyncManagerIntegrationFilter@2dc3ece8, org.springframework.security.web.context.SecurityContextPersistenceFilter@77e6761f, org.springframework.security.web.header.HeaderWriterFilter@164dea80, org.springframework.security.web.authentication.logout.LogoutFilter@351ede23, org.springframework.security.web.authentication.UsernamePasswordAuthenticationFilter@73be4cdd, org.springframework.security.web.session.ConcurrentSessionFilter@6d31f14, org.springframework.security.web.savedrequest.RequestCacheAwareFilter@45bf93bb, org.springframework.security.web.servletapi.SecurityContextHolderAwareRequestFilter@15d58530, org.springframework.security.web.authentication.AnonymousAuthenticationFilter@2c1a8529, org.springframework.security.web.session.SessionManagementFilter@338a4c61, org.springframework.security.web.access.ExceptionTranslationFilter@1e258d3b, org.springframework.security.web.access.intercept.FilterSecurityInterceptor@149b53fa]
01:09:30.909 [main] INFO  com.zaxxer.hikari.HikariDataSource - HikariPool-1 - Starting...
01:09:31.218 [main] INFO  com.zaxxer.hikari.HikariDataSource - HikariPool-1 - Start completed.
01:09:31.374 [main] INFO  o.a.coyote.http11.Http11NioProtocol - Starting ProtocolHandler ["http-nio-12358"]
01:09:31.418 [main] INFO  o.s.b.w.e.tomcat.TomcatWebServer - Tomcat started on port(s): 12358 (http) with context path ''
01:09:31.419 [main] INFO  s.d.s.w.p.DocumentationPluginsBootstrapper - Context refreshed
01:09:31.446 [main] INFO  s.d.s.w.p.DocumentationPluginsBootstrapper - Found 1 custom documentation plugin(s)
01:09:31.485 [main] INFO  s.d.s.w.s.ApiListingReferenceScanner - Scanning for api listing references
01:09:31.752 [main] INFO  com.toys.acb.UserApplication - Started UserApplication in 5.147 seconds (JVM running for 7.313)
01:09:37.531 [http-nio-12358-exec-1] INFO  o.a.c.c.C.[Tomcat].[localhost].[/] - Initializing Spring DispatcherServlet 'dispatcherServlet'
01:09:37.531 [http-nio-12358-exec-1] INFO  o.s.web.servlet.DispatcherServlet - Initializing Servlet 'dispatcherServlet'
01:09:37.532 [http-nio-12358-exec-1] INFO  o.s.web.servlet.DispatcherServlet - Completed initialization in 1 ms
01:09:47.792 [http-nio-12358-exec-6] INFO  c.t.acb.service.impl.AuthServiceImpl - login successusername=Tom
01:09:47.792 [http-nio-12358-exec-6] INFO  c.toys.acb.controller.AuthController - Tom
01:10:01.763 [http-nio-12358-exec-9] INFO  c.t.acb.service.impl.AuthServiceImpl - login successusername=Tom
01:10:01.764 [http-nio-12358-exec-9] INFO  c.toys.acb.controller.AuthController - Tom
01:10:10.938 [http-nio-12358-exec-2] INFO  c.t.acb.service.impl.AuthServiceImpl - login successusername=Tom
01:10:10.939 [http-nio-12358-exec-2] INFO  c.toys.acb.controller.AuthController - Tom
01:10:16.303 [http-nio-12358-exec-3] INFO  c.t.acb.service.impl.UserServiceImpl - getCurrentBillList: page=1, size=4, userId=1
01:10:45.304 [http-nio-12358-exec-5] INFO  c.t.acb.service.impl.UserServiceImpl - getCurrentBillList: page=1, size=4, userId=1
22:38:00.604 [main] INFO  com.toys.acb.UserApplication - Starting UserApplication using Java 15.0.2 on DESKTOP-2D7JFDC with PID 15832 (F:\Program\java_work\ACB\acb_user\target\classes started by CKD in F:\Program\java_work\ACB)
22:38:00.610 [main] INFO  com.toys.acb.UserApplication - No active profile set, falling back to default profiles: default
22:38:00.641 [background-preinit] INFO  o.h.validator.internal.util.Version - HV000001: Hibernate Validator 5.4.1.Final
22:38:03.142 [main] INFO  o.s.d.r.c.RepositoryConfigurationDelegate - Multiple Spring Data modules found, entering strict repository configuration mode!
22:38:03.147 [main] INFO  o.s.d.r.c.RepositoryConfigurationDelegate - Bootstrapping Spring Data Redis repositories in DEFAULT mode.
22:38:03.201 [main] INFO  o.s.d.r.c.RepositoryConfigurationDelegate - Finished Spring Data repository scanning in 21 ms. Found 0 Redis repository interfaces.
22:38:03.996 [main] INFO  o.s.c.s.PostProcessorRegistrationDelegate$BeanPostProcessorChecker - Bean 'org.springframework.security.access.expression.method.DefaultMethodSecurityExpressionHandler@62b3a2f6' of type [org.springframework.security.access.expression.method.DefaultMethodSecurityExpressionHandler] is not eligible for getting processed by all BeanPostProcessors (for example: not eligible for auto-proxying)
22:38:04.009 [main] INFO  o.s.c.s.PostProcessorRegistrationDelegate$BeanPostProcessorChecker - Bean 'methodSecurityMetadataSource' of type [org.springframework.security.access.method.DelegatingMethodSecurityMetadataSource] is not eligible for getting processed by all BeanPostProcessors (for example: not eligible for auto-proxying)
22:38:04.544 [main] INFO  o.s.b.w.e.tomcat.TomcatWebServer - Tomcat initialized with port(s): 12358 (http)
22:38:04.558 [main] INFO  o.a.coyote.http11.Http11NioProtocol - Initializing ProtocolHandler ["http-nio-12358"]
22:38:04.559 [main] INFO  o.a.catalina.core.StandardService - Starting service [Tomcat]
22:38:04.559 [main] INFO  o.a.catalina.core.StandardEngine - Starting Servlet engine: [Apache Tomcat/9.0.46]
22:38:04.792 [main] INFO  o.a.c.c.C.[Tomcat].[localhost].[/] - Initializing Spring embedded WebApplicationContext
22:38:04.792 [main] INFO  o.s.b.w.s.c.ServletWebServerApplicationContext - Root WebApplicationContext: initialization completed in 4016 ms
22:38:06.539 [main] INFO  s.d.s.w.PropertySourcedRequestMappingHandlerMapping - Mapped URL path [/v2/api-docs] onto method [springfox.documentation.swagger2.web.Swagger2Controller#getDocumentation(String, HttpServletRequest)]
22:38:07.263 [main] INFO  o.s.s.web.DefaultSecurityFilterChain - Will secure Ant [pattern='/css/**'] with []
22:38:07.264 [main] INFO  o.s.s.web.DefaultSecurityFilterChain - Will secure Ant [pattern='/js/**'] with []
22:38:07.408 [main] INFO  o.s.s.web.DefaultSecurityFilterChain - Will secure any request with [org.springframework.security.web.context.request.async.WebAsyncManagerIntegrationFilter@73a49597, org.springframework.security.web.context.SecurityContextPersistenceFilter@1a819901, org.springframework.security.web.header.HeaderWriterFilter@aedc426, org.springframework.security.web.authentication.logout.LogoutFilter@7e3d168e, org.springframework.security.web.authentication.UsernamePasswordAuthenticationFilter@a44effb, org.springframework.security.web.session.ConcurrentSessionFilter@510e4d79, org.springframework.security.web.savedrequest.RequestCacheAwareFilter@eb91027, org.springframework.security.web.servletapi.SecurityContextHolderAwareRequestFilter@dde6f87, org.springframework.security.web.authentication.AnonymousAuthenticationFilter@5eb2972f, org.springframework.security.web.session.SessionManagementFilter@5788722f, org.springframework.security.web.access.ExceptionTranslationFilter@3f45dfec, org.springframework.security.web.access.intercept.FilterSecurityInterceptor@58ec8271]
22:38:08.486 [main] INFO  com.zaxxer.hikari.HikariDataSource - HikariPool-1 - Starting...
22:38:14.082 [main] INFO  com.zaxxer.hikari.HikariDataSource - HikariPool-1 - Start completed.
22:38:14.503 [main] INFO  o.a.coyote.http11.Http11NioProtocol - Starting ProtocolHandler ["http-nio-12358"]
22:38:14.628 [main] INFO  o.s.b.w.e.tomcat.TomcatWebServer - Tomcat started on port(s): 12358 (http) with context path ''
22:38:14.628 [main] INFO  s.d.s.w.p.DocumentationPluginsBootstrapper - Context refreshed
22:38:14.659 [main] INFO  s.d.s.w.p.DocumentationPluginsBootstrapper - Found 1 custom documentation plugin(s)
22:38:14.753 [main] INFO  s.d.s.w.s.ApiListingReferenceScanner - Scanning for api listing references
22:38:15.273 [main] INFO  com.toys.acb.UserApplication - Started UserApplication in 15.986 seconds (JVM running for 21.289)
22:38:36.613 [http-nio-12358-exec-1] INFO  o.a.c.c.C.[Tomcat].[localhost].[/] - Initializing Spring DispatcherServlet 'dispatcherServlet'
22:38:36.614 [http-nio-12358-exec-1] INFO  o.s.web.servlet.DispatcherServlet - Initializing Servlet 'dispatcherServlet'
22:38:36.615 [http-nio-12358-exec-1] INFO  o.s.web.servlet.DispatcherServlet - Completed initialization in 1 ms
22:38:40.108 [http-nio-12358-exec-3] INFO  c.t.acb.service.impl.AuthServiceImpl - login successusername=Tom
22:38:40.109 [http-nio-12358-exec-3] INFO  c.toys.acb.controller.AuthController - Tom
22:38:51.001 [http-nio-12358-exec-9] INFO  c.t.acb.service.impl.AuthServiceImpl - login successusername=Tom
22:38:51.002 [http-nio-12358-exec-9] INFO  c.toys.acb.controller.AuthController - Tom
22:38:57.864 [http-nio-12358-exec-2] INFO  c.t.acb.service.impl.UserServiceImpl - getCurrentBillList: page=1, size=4, userId=1
22:39:05.727 [http-nio-12358-exec-3] INFO  c.t.acb.service.impl.UserServiceImpl - getCurrentBillList: page=1, size=4, userId=1
22:57:12.811 [background-preinit] INFO  o.h.validator.internal.util.Version - HV000001: Hibernate Validator 5.4.1.Final
22:57:12.816 [main] INFO  com.toys.acb.UserApplication - Starting UserApplication using Java 15.0.2 on DESKTOP-2D7JFDC with PID 2388 (F:\Program\java_work\ACB\acb_user\target\classes started by CKD in F:\Program\java_work\ACB)
22:57:12.827 [main] INFO  com.toys.acb.UserApplication - No active profile set, falling back to default profiles: default
22:57:14.663 [main] INFO  o.s.d.r.c.RepositoryConfigurationDelegate - Multiple Spring Data modules found, entering strict repository configuration mode!
22:57:14.666 [main] INFO  o.s.d.r.c.RepositoryConfigurationDelegate - Bootstrapping Spring Data Redis repositories in DEFAULT mode.
22:57:14.717 [main] INFO  o.s.d.r.c.RepositoryConfigurationDelegate - Finished Spring Data repository scanning in 17 ms. Found 0 Redis repository interfaces.
22:57:15.496 [main] INFO  o.s.c.s.PostProcessorRegistrationDelegate$BeanPostProcessorChecker - Bean 'org.springframework.security.access.expression.method.DefaultMethodSecurityExpressionHandler@1c61eda5' of type [org.springframework.security.access.expression.method.DefaultMethodSecurityExpressionHandler] is not eligible for getting processed by all BeanPostProcessors (for example: not eligible for auto-proxying)
22:57:15.504 [main] INFO  o.s.c.s.PostProcessorRegistrationDelegate$BeanPostProcessorChecker - Bean 'methodSecurityMetadataSource' of type [org.springframework.security.access.method.DelegatingMethodSecurityMetadataSource] is not eligible for getting processed by all BeanPostProcessors (for example: not eligible for auto-proxying)
22:57:15.770 [main] INFO  o.s.b.w.e.tomcat.TomcatWebServer - Tomcat initialized with port(s): 12358 (http)
22:57:15.777 [main] INFO  o.a.coyote.http11.Http11NioProtocol - Initializing ProtocolHandler ["http-nio-12358"]
22:57:15.777 [main] INFO  o.a.catalina.core.StandardService - Starting service [Tomcat]
22:57:15.778 [main] INFO  o.a.catalina.core.StandardEngine - Starting Servlet engine: [Apache Tomcat/9.0.46]
22:57:15.906 [main] INFO  o.a.c.c.C.[Tomcat].[localhost].[/] - Initializing Spring embedded WebApplicationContext
22:57:15.906 [main] INFO  o.s.b.w.s.c.ServletWebServerApplicationContext - Root WebApplicationContext: initialization completed in 2961 ms
22:57:16.625 [main] INFO  s.d.s.w.PropertySourcedRequestMappingHandlerMapping - Mapped URL path [/v2/api-docs] onto method [springfox.documentation.swagger2.web.Swagger2Controller#getDocumentation(String, HttpServletRequest)]
22:57:16.981 [main] INFO  o.s.s.web.DefaultSecurityFilterChain - Will secure Ant [pattern='/css/**'] with []
22:57:16.981 [main] INFO  o.s.s.web.DefaultSecurityFilterChain - Will secure Ant [pattern='/js/**'] with []
22:57:17.034 [main] INFO  o.s.s.web.DefaultSecurityFilterChain - Will secure any request with [org.springframework.security.web.context.request.async.WebAsyncManagerIntegrationFilter@5f20b6fe, org.springframework.security.web.context.SecurityContextPersistenceFilter@7b52b18a, org.springframework.security.web.header.HeaderWriterFilter@15d58530, org.springframework.security.web.authentication.logout.LogoutFilter@1a819901, org.springframework.security.web.authentication.UsernamePasswordAuthenticationFilter@3caa4d85, org.springframework.security.web.session.ConcurrentSessionFilter@5604b85, org.springframework.security.web.savedrequest.RequestCacheAwareFilter@aedc426, org.springframework.security.web.servletapi.SecurityContextHolderAwareRequestFilter@13f4048e, org.springframework.security.web.authentication.AnonymousAuthenticationFilter@31880efa, org.springframework.security.web.session.SessionManagementFilter@79e2606f, org.springframework.security.web.access.ExceptionTranslationFilter@380fdcf2, org.springframework.security.web.access.intercept.FilterSecurityInterceptor@772f3a3f]
22:57:17.515 [main] INFO  com.zaxxer.hikari.HikariDataSource - HikariPool-1 - Starting...
22:57:17.868 [main] INFO  com.zaxxer.hikari.HikariDataSource - HikariPool-1 - Start completed.
22:57:18.012 [main] INFO  o.a.coyote.http11.Http11NioProtocol - Starting ProtocolHandler ["http-nio-12358"]
22:57:18.042 [main] INFO  o.s.b.w.e.tomcat.TomcatWebServer - Tomcat started on port(s): 12358 (http) with context path ''
22:57:18.043 [main] INFO  s.d.s.w.p.DocumentationPluginsBootstrapper - Context refreshed
22:57:18.063 [main] INFO  s.d.s.w.p.DocumentationPluginsBootstrapper - Found 1 custom documentation plugin(s)
22:57:18.111 [main] INFO  s.d.s.w.s.ApiListingReferenceScanner - Scanning for api listing references
22:57:18.377 [main] INFO  com.toys.acb.UserApplication - Started UserApplication in 6.157 seconds (JVM running for 8.117)
22:57:39.969 [http-nio-12358-exec-1] INFO  o.a.c.c.C.[Tomcat].[localhost].[/] - Initializing Spring DispatcherServlet 'dispatcherServlet'
22:57:39.969 [http-nio-12358-exec-1] INFO  o.s.web.servlet.DispatcherServlet - Initializing Servlet 'dispatcherServlet'
22:57:39.970 [http-nio-12358-exec-1] INFO  o.s.web.servlet.DispatcherServlet - Completed initialization in 1 ms
22:57:40.371 [http-nio-12358-exec-1] INFO  c.t.acb.service.impl.AuthServiceImpl - login successusername=Tom
22:57:40.411 [http-nio-12358-exec-1] INFO  c.toys.acb.controller.AuthController - Tom
22:57:50.308 [http-nio-12358-exec-5] INFO  c.t.acb.service.impl.AuthServiceImpl - login successusername=Tom
22:57:50.309 [http-nio-12358-exec-5] INFO  c.toys.acb.controller.AuthController - Tom
22:57:54.647 [http-nio-12358-exec-7] INFO  c.t.acb.service.impl.UserServiceImpl - getCurrentBillList: page=1, size=4, userId=1
22:57:57.729 [http-nio-12358-exec-8] INFO  c.t.acb.service.impl.UserServiceImpl - getCurrentBillList: page=1, size=4, userId=1
22:57:59.660 [http-nio-12358-exec-9] INFO  c.t.acb.service.impl.UserServiceImpl - getCurrentBillList: page=1, size=4, userId=1
22:58:07.120 [http-nio-12358-exec-1] INFO  c.t.acb.service.impl.AuthServiceImpl - login successusername=Tom
22:58:07.121 [http-nio-12358-exec-1] INFO  c.toys.acb.controller.AuthController - Tom
23:35:30.781 [background-preinit] INFO  o.h.validator.internal.util.Version - HV000001: Hibernate Validator 5.4.1.Final
23:35:30.813 [main] INFO  com.toys.acb.UserApplication - Starting UserApplication using Java 15.0.2 on DESKTOP-2D7JFDC with PID 5548 (F:\Program\java_work\ACB\acb_user\target\classes started by CKD in F:\Program\java_work\ACB)
23:35:30.814 [main] INFO  com.toys.acb.UserApplication - No active profile set, falling back to default profiles: default
23:35:32.132 [main] INFO  o.s.d.r.c.RepositoryConfigurationDelegate - Multiple Spring Data modules found, entering strict repository configuration mode!
23:35:32.134 [main] INFO  o.s.d.r.c.RepositoryConfigurationDelegate - Bootstrapping Spring Data Redis repositories in DEFAULT mode.
23:35:32.171 [main] INFO  o.s.d.r.c.RepositoryConfigurationDelegate - Finished Spring Data repository scanning in 19 ms. Found 0 Redis repository interfaces.
23:35:32.572 [main] INFO  o.s.c.s.PostProcessorRegistrationDelegate$BeanPostProcessorChecker - Bean 'org.springframework.security.access.expression.method.DefaultMethodSecurityExpressionHandler@131a7516' of type [org.springframework.security.access.expression.method.DefaultMethodSecurityExpressionHandler] is not eligible for getting processed by all BeanPostProcessors (for example: not eligible for auto-proxying)
23:35:32.578 [main] INFO  o.s.c.s.PostProcessorRegistrationDelegate$BeanPostProcessorChecker - Bean 'methodSecurityMetadataSource' of type [org.springframework.security.access.method.DelegatingMethodSecurityMetadataSource] is not eligible for getting processed by all BeanPostProcessors (for example: not eligible for auto-proxying)
23:35:32.854 [main] INFO  o.s.b.w.e.tomcat.TomcatWebServer - Tomcat initialized with port(s): 12358 (http)
23:35:32.862 [main] INFO  o.a.coyote.http11.Http11NioProtocol - Initializing ProtocolHandler ["http-nio-12358"]
23:35:32.863 [main] INFO  o.a.catalina.core.StandardService - Starting service [Tomcat]
23:35:32.863 [main] INFO  o.a.catalina.core.StandardEngine - Starting Servlet engine: [Apache Tomcat/9.0.46]
23:35:32.992 [main] INFO  o.a.c.c.C.[Tomcat].[localhost].[/] - Initializing Spring embedded WebApplicationContext
23:35:32.992 [main] INFO  o.s.b.w.s.c.ServletWebServerApplicationContext - Root WebApplicationContext: initialization completed in 2101 ms
23:35:33.415 [main] WARN  o.s.b.w.s.c.AnnotationConfigServletWebServerApplicationContext - Exception encountered during context initialization - cancelling refresh attempt: org.springframework.beans.factory.UnsatisfiedDependencyException: Error creating bean with name 'webSecurityConfig': Unsatisfied dependency expressed through field 'sessionAuthenticationStrategy'; nested exception is org.springframework.beans.factory.BeanCreationException: Error creating bean with name 'sessionAuthenticationStrategy' defined in class path resource [com/toys/acb/config/WebSecurityConfig.class]: Bean instantiation via factory method failed; nested exception is org.springframework.beans.BeanInstantiationException: Failed to instantiate [org.springframework.security.web.authentication.session.SessionAuthenticationStrategy]: Circular reference involving containing bean 'webSecurityConfig' - consider declaring the factory method as static for independence from its containing instance. Factory method 'sessionAuthenticationStrategy' threw exception; nested exception is java.lang.NullPointerException: Cannot invoke "org.springframework.security.context.DelegatingApplicationListener.addListener(org.springframework.context.event.SmartApplicationListener)" because "this.delegatingApplicationListener" is null
23:35:33.418 [main] INFO  o.a.catalina.core.StandardService - Stopping service [Tomcat]
23:35:33.430 [main] INFO  o.s.b.a.l.ConditionEvaluationReportLoggingListener - 

Error starting ApplicationContext. To display the conditions report re-run your application with 'debug' enabled.
23:35:33.456 [main] ERROR o.s.boot.SpringApplication - Application run failed
org.springframework.beans.factory.UnsatisfiedDependencyException: Error creating bean with name 'webSecurityConfig': Unsatisfied dependency expressed through field 'sessionAuthenticationStrategy'; nested exception is org.springframework.beans.factory.BeanCreationException: Error creating bean with name 'sessionAuthenticationStrategy' defined in class path resource [com/toys/acb/config/WebSecurityConfig.class]: Bean instantiation via factory method failed; nested exception is org.springframework.beans.BeanInstantiationException: Failed to instantiate [org.springframework.security.web.authentication.session.SessionAuthenticationStrategy]: Circular reference involving containing bean 'webSecurityConfig' - consider declaring the factory method as static for independence from its containing instance. Factory method 'sessionAuthenticationStrategy' threw exception; nested exception is java.lang.NullPointerException: Cannot invoke "org.springframework.security.context.DelegatingApplicationListener.addListener(org.springframework.context.event.SmartApplicationListener)" because "this.delegatingApplicationListener" is null
	at org.springframework.beans.factory.annotation.AutowiredAnnotationBeanPostProcessor$AutowiredFieldElement.resolveFieldValue(AutowiredAnnotationBeanPostProcessor.java:660)
	at org.springframework.beans.factory.annotation.AutowiredAnnotationBeanPostProcessor$AutowiredFieldElement.inject(AutowiredAnnotationBeanPostProcessor.java:640)
	at org.springframework.beans.factory.annotation.InjectionMetadata.inject(InjectionMetadata.java:119)
	at org.springframework.beans.factory.annotation.AutowiredAnnotationBeanPostProcessor.postProcessProperties(AutowiredAnnotationBeanPostProcessor.java:399)
	at org.springframework.beans.factory.support.AbstractAutowireCapableBeanFactory.populateBean(AbstractAutowireCapableBeanFactory.java:1413)
	at org.springframework.beans.factory.support.AbstractAutowireCapableBeanFactory.doCreateBean(AbstractAutowireCapableBeanFactory.java:601)
	at org.springframework.beans.factory.support.AbstractAutowireCapableBeanFactory.createBean(AbstractAutowireCapableBeanFactory.java:524)
	at org.springframework.beans.factory.support.AbstractBeanFactory.lambda$doGetBean$0(AbstractBeanFactory.java:335)
	at org.springframework.beans.factory.support.DefaultSingletonBeanRegistry.getSingleton(DefaultSingletonBeanRegistry.java:234)
	at org.springframework.beans.factory.support.AbstractBeanFactory.doGetBean(AbstractBeanFactory.java:333)
	at org.springframework.beans.factory.support.AbstractBeanFactory.getBean(AbstractBeanFactory.java:208)
	at org.springframework.beans.factory.support.DefaultListableBeanFactory.preInstantiateSingletons(DefaultListableBeanFactory.java:944)
	at org.springframework.context.support.AbstractApplicationContext.finishBeanFactoryInitialization(AbstractApplicationContext.java:918)
	at org.springframework.context.support.AbstractApplicationContext.refresh(AbstractApplicationContext.java:583)
	at org.springframework.boot.web.servlet.context.ServletWebServerApplicationContext.refresh(ServletWebServerApplicationContext.java:145)
	at org.springframework.boot.SpringApplication.refresh(SpringApplication.java:754)
	at org.springframework.boot.SpringApplication.refreshContext(SpringApplication.java:434)
	at org.springframework.boot.SpringApplication.run(SpringApplication.java:338)
	at org.springframework.boot.SpringApplication.run(SpringApplication.java:1343)
	at org.springframework.boot.SpringApplication.run(SpringApplication.java:1332)
	at com.toys.acb.UserApplication.main(UserApplication.java:12)
Caused by: org.springframework.beans.factory.BeanCreationException: Error creating bean with name 'sessionAuthenticationStrategy' defined in class path resource [com/toys/acb/config/WebSecurityConfig.class]: Bean instantiation via factory method failed; nested exception is org.springframework.beans.BeanInstantiationException: Failed to instantiate [org.springframework.security.web.authentication.session.SessionAuthenticationStrategy]: Circular reference involving containing bean 'webSecurityConfig' - consider declaring the factory method as static for independence from its containing instance. Factory method 'sessionAuthenticationStrategy' threw exception; nested exception is java.lang.NullPointerException: Cannot invoke "org.springframework.security.context.DelegatingApplicationListener.addListener(org.springframework.context.event.SmartApplicationListener)" because "this.delegatingApplicationListener" is null
	at org.springframework.beans.factory.support.ConstructorResolver.instantiate(ConstructorResolver.java:658)
	at org.springframework.beans.factory.support.ConstructorResolver.instantiateUsingFactoryMethod(ConstructorResolver.java:486)
	at org.springframework.beans.factory.support.AbstractAutowireCapableBeanFactory.instantiateUsingFactoryMethod(AbstractAutowireCapableBeanFactory.java:1334)
	at org.springframework.beans.factory.support.AbstractAutowireCapableBeanFactory.createBeanInstance(AbstractAutowireCapableBeanFactory.java:1177)
	at org.springframework.beans.factory.support.AbstractAutowireCapableBeanFactory.doCreateBean(AbstractAutowireCapableBeanFactory.java:564)
	at org.springframework.beans.factory.support.AbstractAutowireCapableBeanFactory.createBean(AbstractAutowireCapableBeanFactory.java:524)
	at org.springframework.beans.factory.support.AbstractBeanFactory.lambda$doGetBean$0(AbstractBeanFactory.java:335)
	at org.springframework.beans.factory.support.DefaultSingletonBeanRegistry.getSingleton(DefaultSingletonBeanRegistry.java:234)
	at org.springframework.beans.factory.support.AbstractBeanFactory.doGetBean(AbstractBeanFactory.java:333)
	at org.springframework.beans.factory.support.AbstractBeanFactory.getBean(AbstractBeanFactory.java:208)
	at org.springframework.beans.factory.config.DependencyDescriptor.resolveCandidate(DependencyDescriptor.java:276)
	at org.springframework.beans.factory.support.DefaultListableBeanFactory.doResolveDependency(DefaultListableBeanFactory.java:1380)
	at org.springframework.beans.factory.support.DefaultListableBeanFactory.resolveDependency(DefaultListableBeanFactory.java:1300)
	at org.springframework.beans.factory.annotation.AutowiredAnnotationBeanPostProcessor$AutowiredFieldElement.resolveFieldValue(AutowiredAnnotationBeanPostProcessor.java:657)
	... 20 common frames omitted
Caused by: org.springframework.beans.BeanInstantiationException: Failed to instantiate [org.springframework.security.web.authentication.session.SessionAuthenticationStrategy]: Circular reference involving containing bean 'webSecurityConfig' - consider declaring the factory method as static for independence from its containing instance. Factory method 'sessionAuthenticationStrategy' threw exception; nested exception is java.lang.NullPointerException: Cannot invoke "org.springframework.security.context.DelegatingApplicationListener.addListener(org.springframework.context.event.SmartApplicationListener)" because "this.delegatingApplicationListener" is null
	at org.springframework.beans.factory.support.SimpleInstantiationStrategy.instantiate(SimpleInstantiationStrategy.java:185)
	at org.springframework.beans.factory.support.ConstructorResolver.instantiate(ConstructorResolver.java:653)
	... 33 common frames omitted
Caused by: java.lang.NullPointerException: Cannot invoke "org.springframework.security.context.DelegatingApplicationListener.addListener(org.springframework.context.event.SmartApplicationListener)" because "this.delegatingApplicationListener" is null
	at com.toys.acb.config.WebSecurityConfig.sessionAuthenticationStrategy(WebSecurityConfig.java:36)
	at com.toys.acb.config.WebSecurityConfig$$EnhancerBySpringCGLIB$$55027211.CGLIB$sessionAuthenticationStrategy$4(<generated>)
	at com.toys.acb.config.WebSecurityConfig$$EnhancerBySpringCGLIB$$55027211$$FastClassBySpringCGLIB$$27c8ee52.invoke(<generated>)
	at org.springframework.cglib.proxy.MethodProxy.invokeSuper(MethodProxy.java:244)
	at org.springframework.context.annotation.ConfigurationClassEnhancer$BeanMethodInterceptor.intercept(ConfigurationClassEnhancer.java:331)
	at com.toys.acb.config.WebSecurityConfig$$EnhancerBySpringCGLIB$$55027211.sessionAuthenticationStrategy(<generated>)
	at java.base/jdk.internal.reflect.NativeMethodAccessorImpl.invoke0(Native Method)
	at java.base/jdk.internal.reflect.NativeMethodAccessorImpl.invoke(NativeMethodAccessorImpl.java:64)
	at java.base/jdk.internal.reflect.DelegatingMethodAccessorImpl.invoke(DelegatingMethodAccessorImpl.java:43)
	at java.base/java.lang.reflect.Method.invoke(Method.java:564)
	at org.springframework.beans.factory.support.SimpleInstantiationStrategy.instantiate(SimpleInstantiationStrategy.java:154)
	... 34 common frames omitted
